OpenParEM2D Copyright (C) 2022 Brian Young

This program comes with ABSOLUTELY NO WARRANTY.  This is free software,
and you are welcome to distribute it under certain conditions. To see
the full license, set
  output.show.license true
in the setup file.

Setting up ...
   loading project file "coax_accuracy_run.proj"
   loading materials file "../global_materials.txt"
   loading materials file "./local_materials.txt"
   loading mode definition file "coax_modes.txt"
Loading mesh and assigning materials ...
Frequency: 1e+07
Mesh::GeneratePartitioning(...): edgecut = 77
   Refining mesh starting with the initial mesh.
   Iteration 1 ...
      mesh size: 1440
      mesh worst element aspect ratio: 1.98088 < target: 5
      Solving ...
         matrix size: 21889
         solving the eigenvalue problem ...
            number of iterations: 3951
         post processing ...
         solve elapsed time: 174.511 s
      Results:
         -------------------------------------------------------------------------------------------------------------------------
          mode     frequency           er,eff      alpha(dB/m)  beta/1000,rad/m          beta/ko        Zii(real)        Zii(imag)
         -------------------------------------------------------------------------------------------------------------------------
          1         10000000        2.3047164    -0.0031482749    0.00031817636        1.5181292        408.91011        -0.465322
         -------------------------------------------------------------------------------------------------------------------------
      Refining mesh ...
      Finished
      cummulative elapsed time: 174.715 s
   Iteration 2 ...
      mesh size: 1463
      mesh worst element aspect ratio: 2.37375 < target: 5
      Solving ...
         matrix size: 22243
         solving the eigenvalue problem ...
            using initial guess for the dominant eigenvalue
            number of iterations: 1
         post processing ...
         solve elapsed time: 1.90297 s
      Results:
         -------------------------------------------------------------------------------------------------------------------------
          mode     frequency           er,eff      alpha(dB/m)  beta/1000,rad/m          beta/ko        Zii(real)        Zii(imag)
         -------------------------------------------------------------------------------------------------------------------------
          1         10000000        2.2600064     6.285645e-15    0.00031507504        1.5033318        412.93485    9.4825353e-13
         -------------------------------------------------------------------------------------------------------------------------
      Convergence progress:
         mode 1 |Zo|:
            0.00974602 > target: 1e-05
      Refining mesh ...
      Finished
      cummulative elapsed time: 176.791 s
   Iteration 3 ...
      mesh size: 1607
      mesh worst element aspect ratio: 2.92249 < target: 5
      Solving ...
         matrix size: 24409
         solving the eigenvalue problem ...
            using initial guess for the dominant eigenvalue
            number of iterations: 1
         post processing ...
         null space eigenvalue count: 5
         solve elapsed time: 2.25143 s
      Results:
         -------------------------------------------------------------------------------------------------------------------------
          mode     frequency           er,eff      alpha(dB/m)  beta/1000,rad/m          beta/ko        Zii(real)        Zii(imag)
         -------------------------------------------------------------------------------------------------------------------------
          1         10000000        2.2599387    3.6331257e-15    0.00031507032        1.5033092        412.94118    5.4816361e-13
         -------------------------------------------------------------------------------------------------------------------------
      Convergence progress:
         mode 1 |Zo|:
            0.00974602 > target: 1e-05
            1.53218e-05 > target: 1e-05
      Refining mesh ...
      Finished
      cummulative elapsed time: 179.269 s
   Iteration 4 ...
      mesh size: 1932
      mesh worst element aspect ratio: 2.92249 < target: 5
      Solving ...
         matrix size: 29293
         solving the eigenvalue problem ...
            using initial guess for the dominant eigenvalue
            number of iterations: 1
         post processing ...
         solve elapsed time: 3.05765 s
      Results:
         -------------------------------------------------------------------------------------------------------------------------
          mode     frequency           er,eff      alpha(dB/m)  beta/1000,rad/m          beta/ko        Zii(real)        Zii(imag)
         -------------------------------------------------------------------------------------------------------------------------
          1         10000000         2.259776     8.733076e-16    0.00031505898        1.5032551        412.95609    1.2484121e-13
         -------------------------------------------------------------------------------------------------------------------------
      Convergence progress:
         mode 1 |Zo|:
            1.53218e-05 > target: 1e-05
            3.61283e-05 > target: 1e-05
      Refining mesh ...
      Finished
      cummulative elapsed time: 182.818 s
   Iteration 5 ...
      mesh size: 2044
      mesh worst element aspect ratio: 2.92249 < target: 5
      Solving ...
         matrix size: 30985
         solving the eigenvalue problem ...
            using initial guess for the dominant eigenvalue
            number of iterations: 1
         post processing ...
         solve elapsed time: 3.34915 s
      Results:
         -------------------------------------------------------------------------------------------------------------------------
          mode     frequency           er,eff      alpha(dB/m)  beta/1000,rad/m          beta/ko        Zii(real)        Zii(imag)
         -------------------------------------------------------------------------------------------------------------------------
          1         10000000        2.2598651   -5.3612737e-15    0.00031506519        1.5032848        412.94838   -8.0951665e-13
         -------------------------------------------------------------------------------------------------------------------------
      Convergence progress:
         mode 1 |Zo|:
            3.61283e-05 > target: 1e-05
            1.86881e-05 > target: 1e-05
      Refining mesh ...
      Finished
      cummulative elapsed time: 186.773 s
   Iteration 6 ...
      mesh size: 2101
      mesh worst element aspect ratio: 2.92249 < target: 5
      Solving ...
         matrix size: 31843
         solving the eigenvalue problem ...
            using initial guess for the dominant eigenvalue
            number of iterations: 1
         post processing ...
         solve elapsed time: 3.49027 s
      Results:
         -------------------------------------------------------------------------------------------------------------------------
          mode     frequency           er,eff      alpha(dB/m)  beta/1000,rad/m          beta/ko        Zii(real)        Zii(imag)
         -------------------------------------------------------------------------------------------------------------------------
          1         10000000        2.2598652    -1.145237e-14    0.00031506519        1.5032848        412.94844   -1.7338755e-12
         -------------------------------------------------------------------------------------------------------------------------
      Convergence progress:
         mode 1 |Zo|:
            1.86881e-05 > target: 1e-05
            1.48827e-07 < target: 1e-05
      Refining mesh ...
      Finished
      cummulative elapsed time: 190.938 s
   Iteration 7 ...
      mesh size: 2563
      mesh worst element aspect ratio: 2.92249 < target: 5
      Solving ...
         matrix size: 38809
         solving the eigenvalue problem ...
            using initial guess for the dominant eigenvalue
            number of iterations: 1
         post processing ...
         solve elapsed time: 4.53826 s
      Results:
         -------------------------------------------------------------------------------------------------------------------------
          mode     frequency           er,eff      alpha(dB/m)  beta/1000,rad/m          beta/ko        Zii(real)        Zii(imag)
         -------------------------------------------------------------------------------------------------------------------------
          1         10000000        2.2595639    1.4295066e-15    0.00031504419        1.5031846        412.97655    2.1404452e-13
         -------------------------------------------------------------------------------------------------------------------------
      Convergence progress:
         mode 1 |Zo|:
            1.48827e-07 < target: 1e-05
            6.80819e-05 > target: 1e-05
      Refining mesh ...
      Finished
      cummulative elapsed time: 196.637 s
   Iteration 8 ...
      mesh size: 2645
      mesh worst element aspect ratio: 2.92249 < target: 5
      Solving ...
         matrix size: 40051
         solving the eigenvalue problem ...
            using initial guess for the dominant eigenvalue
            number of iterations: 1
         post processing ...
         solve elapsed time: 4.71127 s
      Results:
         -------------------------------------------------------------------------------------------------------------------------
          mode     frequency           er,eff      alpha(dB/m)  beta/1000,rad/m          beta/ko        Zii(real)        Zii(imag)
         -------------------------------------------------------------------------------------------------------------------------
          1         10000000        2.2596506    -7.443368e-12    0.00031505024        1.5032134        412.96866   -1.1230394e-09
         -------------------------------------------------------------------------------------------------------------------------
      Convergence progress:
         mode 1 |Zo|:
            6.80819e-05 > target: 1e-05
            1.91065e-05 > target: 1e-05
      Refining mesh ...
      Finished
      cummulative elapsed time: 202.598 s
   Iteration 9 ...
      mesh size: 3099
      mesh worst element aspect ratio: 3. < target: 5
      Solving ...
         matrix size: 46891
         solving the eigenvalue problem ...
            using initial guess for the dominant eigenvalue
            number of iterations: 1
         post processing ...
         solve elapsed time: 5.82423 s
      Results:
         -------------------------------------------------------------------------------------------------------------------------
          mode     frequency           er,eff      alpha(dB/m)  beta/1000,rad/m          beta/ko        Zii(real)        Zii(imag)
         -------------------------------------------------------------------------------------------------------------------------
          1         10000000        2.2594695    3.6513807e-15    0.00031503761        1.5031532        412.98535    5.5258555e-13
         -------------------------------------------------------------------------------------------------------------------------
      Convergence progress:
         mode 1 |Zo|:
            1.91065e-05 > target: 1e-05
            4.04072e-05 > target: 1e-05
      Refining mesh ...
      Finished
      cummulative elapsed time: 210.409 s
   Iteration 10 ...
      mesh size: 3189
      mesh worst element aspect ratio: 3. < target: 5
      Solving ...
         matrix size: 48241
         solving the eigenvalue problem ...
            using initial guess for the dominant eigenvalue
            number of iterations: 1
         post processing ...
         null space eigenvalue count: 5
         solve elapsed time: 5.95746 s
      Results:
         -------------------------------------------------------------------------------------------------------------------------
          mode     frequency           er,eff      alpha(dB/m)  beta/1000,rad/m          beta/ko        Zii(real)        Zii(imag)
         -------------------------------------------------------------------------------------------------------------------------
          1         10000000        2.2595201   -1.9221723e-15    0.00031504114          1.50317        412.98073     -2.89006e-13
         -------------------------------------------------------------------------------------------------------------------------
      Convergence progress:
         mode 1 |Zo|:
            4.04072e-05 > target: 1e-05
            1.11891e-05 > target: 1e-05
      Refining mesh ...
      Finished
      cummulative elapsed time: 218.434 s
   Iteration 11 ...
      mesh size: 3843
      mesh worst element aspect ratio: 3. < target: 5
      Solving ...
         matrix size: 58069
         solving the eigenvalue problem ...
            using initial guess for the dominant eigenvalue
            number of iterations: 1
         post processing ...
         null space eigenvalue count: 5
         solve elapsed time: 7.27615 s
      Results:
         -------------------------------------------------------------------------------------------------------------------------
          mode     frequency           er,eff      alpha(dB/m)  beta/1000,rad/m          beta/ko        Zii(real)        Zii(imag)
         -------------------------------------------------------------------------------------------------------------------------
          1         10000000        2.2590124    1.8561569e-15    0.00031500574        1.5030011        413.02725    2.8012518e-13
         -------------------------------------------------------------------------------------------------------------------------
      Convergence progress:
         mode 1 |Zo|:
            1.11891e-05 > target: 1e-05
            0.000112639 > target: 1e-05
      Refining mesh ...
      Finished
      cummulative elapsed time: 228.7 s
   Iteration 12 ...
      mesh size: 4467
      mesh worst element aspect ratio: 3. < target: 5
      Solving ...
         matrix size: 67447
         solving the eigenvalue problem ...
            using initial guess for the dominant eigenvalue
            number of iterations: 1
         post processing ...
         null space eigenvalue count: 5
         solve elapsed time: 8.42116 s
      Results:
         -------------------------------------------------------------------------------------------------------------------------
          mode     frequency           er,eff      alpha(dB/m)  beta/1000,rad/m          beta/ko        Zii(real)        Zii(imag)
         -------------------------------------------------------------------------------------------------------------------------
          1         10000000        2.2589593    1.6132549e-15    0.00031500204        1.5029835        413.03216     2.445825e-13
         -------------------------------------------------------------------------------------------------------------------------
      Convergence progress:
         mode 1 |Zo|:
            0.000112639 > target: 1e-05
            1.18822e-05 > target: 1e-05
      Refining mesh ...
      Finished
      cummulative elapsed time: 241.131 s
   Iteration 13 ...
      mesh size: 4626
      mesh worst element aspect ratio: 3. < target: 5
      Solving ...
         matrix size: 69841
         solving the eigenvalue problem ...
            using initial guess for the dominant eigenvalue
            number of iterations: 1
         post processing ...
         solve elapsed time: 8.73882 s
      Results:
         -------------------------------------------------------------------------------------------------------------------------
          mode     frequency           er,eff      alpha(dB/m)  beta/1000,rad/m          beta/ko        Zii(real)        Zii(imag)
         -------------------------------------------------------------------------------------------------------------------------
          1         10000000         2.258924     4.241337e-15    0.00031499958        1.5029717        413.03541     6.392091e-13
         -------------------------------------------------------------------------------------------------------------------------
      Convergence progress:
         mode 1 |Zo|:
            1.18822e-05 > target: 1e-05
            7.85876e-06 < target: 1e-05
      Refining mesh ...
      Finished
      cummulative elapsed time: 254.066 s
   Iteration 14 ...
      mesh size: 5543
      mesh worst element aspect ratio: 3. < target: 5
      Solving ...
         matrix size: 83641
         solving the eigenvalue problem ...
            using initial guess for the dominant eigenvalue
            number of iterations: 1
         post processing ...
         solve elapsed time: 10.5714 s
      Results:
         -------------------------------------------------------------------------------------------------------------------------
          mode     frequency           er,eff      alpha(dB/m)  beta/1000,rad/m          beta/ko        Zii(real)        Zii(imag)
         -------------------------------------------------------------------------------------------------------------------------
          1         10000000        2.2589057    7.9213127e-16     0.0003149983        1.5029656        413.03711    1.1650538e-13
         -------------------------------------------------------------------------------------------------------------------------
      Convergence progress:
         mode 1 |Zo|:
            7.85876e-06 < target: 1e-05
            4.11362e-06 < target: 1e-05
      Finished
      cummulative elapsed time: 264.662 s
   Converged
Frequency: 2.15443e+07
Mesh::GeneratePartitioning(...): edgecut = 77
   Refining mesh starting with the initial mesh.
   Iteration 1 ...
      mesh size: 1440
      mesh worst element aspect ratio: 1.98088 < target: 5
      Solving ...
         matrix size: 21889
         solving the eigenvalue problem ...
            number of iterations: 3541
         post processing ...
         solve elapsed time: 156.874 s
      Results:
         -------------------------------------------------------------------------------------------------------------------------
          mode     frequency           er,eff      alpha(dB/m)  beta/1000,rad/m          beta/ko        Zii(real)        Zii(imag)
         -------------------------------------------------------------------------------------------------------------------------
          1         21544347         2.262742      0.000290083     0.0006792193        1.5042413        412.68477      0.020045137
         -------------------------------------------------------------------------------------------------------------------------
      Refining mesh ...
      Finished
      cummulative elapsed time: 421.711 s
   Iteration 2 ...
      mesh size: 1463
      mesh worst element aspect ratio: 2.63506 < target: 5
      Solving ...
         matrix size: 22243
         solving the eigenvalue problem ...
            using initial guess for the dominant eigenvalue
            number of iterations: 1
         post processing ...
         null space eigenvalue count: 5
         solve elapsed time: 1.92175 s
      Results:
         -------------------------------------------------------------------------------------------------------------------------
          mode     frequency           er,eff      alpha(dB/m)  beta/1000,rad/m          beta/ko        Zii(real)        Zii(imag)
         -------------------------------------------------------------------------------------------------------------------------
          1         21544347        2.2599954    4.4726847e-14    0.00067880695        1.5033281        412.93564     3.132094e-12
         -------------------------------------------------------------------------------------------------------------------------
      Convergence progress:
         mode 1 |Zo|:
            0.000607526 > target: 1e-05
      Refining mesh ...
      Finished
      cummulative elapsed time: 423.817 s
   Iteration 3 ...
      mesh size: 1726
      mesh worst element aspect ratio: 2.92249 < target: 5
      Solving ...
         matrix size: 26209
         solving the eigenvalue problem ...
            using initial guess for the dominant eigenvalue
            number of iterations: 1
         post processing ...
         null space eigenvalue count: 5
         solve elapsed time: 2.61608 s
      Results:
         -------------------------------------------------------------------------------------------------------------------------
          mode     frequency           er,eff      alpha(dB/m)  beta/1000,rad/m          beta/ko        Zii(real)        Zii(imag)
         -------------------------------------------------------------------------------------------------------------------------
          1         21544347        2.2599864   -2.0762986e-15    0.00067880559        1.5033251        412.93668   -1.4293887e-13
         -------------------------------------------------------------------------------------------------------------------------
      Convergence progress:
         mode 1 |Zo|:
            0.000607526 > target: 1e-05
            2.52592e-06 < target: 1e-05
      Refining mesh ...
      Finished
      cummulative elapsed time: 426.775 s
   Iteration 4 ...
      mesh size: 2050
      mesh worst element aspect ratio: 2.92249 < target: 5
      Solving ...
         matrix size: 31093
         solving the eigenvalue problem ...
            using initial guess for the dominant eigenvalue
            number of iterations: 1
         post processing ...
         null space eigenvalue count: 5
         solve elapsed time: 3.46713 s
      Results:
         -------------------------------------------------------------------------------------------------------------------------
          mode     frequency           er,eff      alpha(dB/m)  beta/1000,rad/m          beta/ko        Zii(real)        Zii(imag)
         -------------------------------------------------------------------------------------------------------------------------
          1         21544347        2.2599806    2.5896082e-15    0.00067880472        1.5033232        412.93782    1.8481454e-13
         -------------------------------------------------------------------------------------------------------------------------
      Convergence progress:
         mode 1 |Zo|:
            2.52592e-06 < target: 1e-05
            2.74342e-06 < target: 1e-05
      Finished
      cummulative elapsed time: 430.25 s
   Converged
Frequency: 4.64159e+07
Mesh::GeneratePartitioning(...): edgecut = 77
   Refining mesh starting with the initial mesh.
   Iteration 1 ...
      mesh size: 1440
      mesh worst element aspect ratio: 1.98088 < target: 5
      Solving ...
         matrix size: 21889
         solving the eigenvalue problem ...
            number of iterations: 3148
         post processing ...
         solve elapsed time: 144.71 s
      Results:
         -------------------------------------------------------------------------------------------------------------------------
          mode     frequency           er,eff      alpha(dB/m)  beta/1000,rad/m          beta/ko        Zii(real)        Zii(imag)
         -------------------------------------------------------------------------------------------------------------------------
          1         46415888        2.2604345    8.4893609e-05     0.0014625873        1.5034742         412.8953     0.0028797542
         -------------------------------------------------------------------------------------------------------------------------
      Refining mesh ...
      Finished
      cummulative elapsed time: 575.135 s
   Iteration 2 ...
      mesh size: 1519
      mesh worst element aspect ratio: 2.78368 < target: 5
      Solving ...
         matrix size: 23107
         solving the eigenvalue problem ...
            using initial guess for the dominant eigenvalue
            number of iterations: 1
         post processing ...
         solve elapsed time: 2.05035 s
      Results:
         -------------------------------------------------------------------------------------------------------------------------
          mode     frequency           er,eff      alpha(dB/m)  beta/1000,rad/m          beta/ko        Zii(real)        Zii(imag)
         -------------------------------------------------------------------------------------------------------------------------
          1         46415888        2.2599988   -1.1356023e-14     0.0014624463        1.5033292        412.93583   -3.7069173e-13
         -------------------------------------------------------------------------------------------------------------------------
      Convergence progress:
         mode 1 |Zo|:
            9.8167e-05 > target: 1e-05
      Refining mesh ...
      Finished
      cummulative elapsed time: 577.399 s
   Iteration 3 ...
      mesh size: 1806
      mesh worst element aspect ratio: 2.92249 < target: 5
      Solving ...
         matrix size: 27439
         solving the eigenvalue problem ...
            using initial guess for the dominant eigenvalue
            number of iterations: 1
         post processing ...
         null space eigenvalue count: 5
         solve elapsed time: 2.78334 s
      Results:
         -------------------------------------------------------------------------------------------------------------------------
          mode     frequency           er,eff      alpha(dB/m)  beta/1000,rad/m          beta/ko        Zii(real)        Zii(imag)
         -------------------------------------------------------------------------------------------------------------------------
          1         46415888        2.2599963   -4.4050536e-14     0.0014624455        1.5033284         412.9364    -1.432467e-12
         -------------------------------------------------------------------------------------------------------------------------
      Convergence progress:
         mode 1 |Zo|:
            9.8167e-05 > target: 1e-05
            1.3822e-06 < target: 1e-05
      Refining mesh ...
      Finished
      cummulative elapsed time: 580.567 s
   Iteration 4 ...
      mesh size: 2116
      mesh worst element aspect ratio: 2.92249 < target: 5
      Solving ...
         matrix size: 32107
         solving the eigenvalue problem ...
            using initial guess for the dominant eigenvalue
            number of iterations: 1
         post processing ...
         null space eigenvalue count: 5
         solve elapsed time: 3.52499 s
      Results:
         -------------------------------------------------------------------------------------------------------------------------
          mode     frequency           er,eff      alpha(dB/m)  beta/1000,rad/m          beta/ko        Zii(real)        Zii(imag)
         -------------------------------------------------------------------------------------------------------------------------
          1         46415888        2.2599884    5.1679065e-15      0.001462443        1.5033258        412.93759    1.6626686e-13
         -------------------------------------------------------------------------------------------------------------------------
      Convergence progress:
         mode 1 |Zo|:
            1.3822e-06 < target: 1e-05
            2.86241e-06 < target: 1e-05
      Finished
      cummulative elapsed time: 584.099 s
   Converged
Frequency: 1e+08
Mesh::GeneratePartitioning(...): edgecut = 77
   Refining mesh starting with the initial mesh.
   Iteration 1 ...
      mesh size: 1440
      mesh worst element aspect ratio: 1.98088 < target: 5
      Solving ...
         matrix size: 21889
         solving the eigenvalue problem ...
            number of iterations: 3468
         post processing ...
         solve elapsed time: 158.597 s
      Results:
         -------------------------------------------------------------------------------------------------------------------------
          mode     frequency           er,eff      alpha(dB/m)  beta/1000,rad/m          beta/ko        Zii(real)        Zii(imag)
         -------------------------------------------------------------------------------------------------------------------------
          1            1e+08        2.2600148   -0.00023702275     0.0031507563        1.5033346        412.93373    -0.0036197402
         -------------------------------------------------------------------------------------------------------------------------
      Refining mesh ...
      Finished
      cummulative elapsed time: 742.872 s
   Iteration 2 ...
      mesh size: 1536
      mesh worst element aspect ratio: 2.95946 < target: 5
      Solving ...
         matrix size: 23371
         solving the eigenvalue problem ...
            using initial guess for the dominant eigenvalue
            number of iterations: 1
         post processing ...
         solve elapsed time: 2.07879 s
      Results:
         -------------------------------------------------------------------------------------------------------------------------
          mode     frequency           er,eff      alpha(dB/m)  beta/1000,rad/m          beta/ko        Zii(real)        Zii(imag)
         -------------------------------------------------------------------------------------------------------------------------
          1            1e+08        2.2599998   -6.5084766e-15     0.0031507458        1.5033296        412.93576   -9.7822109e-14
         -------------------------------------------------------------------------------------------------------------------------
      Convergence progress:
         mode 1 |Zo|:
            4.91235e-06 < target: 1e-05
      Refining mesh ...
      Finished
      cummulative elapsed time: 745.167 s
   Iteration 3 ...
      mesh size: 1822
      mesh worst element aspect ratio: 2.95946 < target: 5
      Solving ...
         matrix size: 27691
         solving the eigenvalue problem ...
            using initial guess for the dominant eigenvalue
            number of iterations: 1
         post processing ...
         null space eigenvalue count: 4
         solve elapsed time: 2.82294 s
      Results:
         -------------------------------------------------------------------------------------------------------------------------
          mode     frequency           er,eff      alpha(dB/m)  beta/1000,rad/m          beta/ko        Zii(real)        Zii(imag)
         -------------------------------------------------------------------------------------------------------------------------
          1            1e+08        2.2599998    7.2348885e-14     0.0031507458        1.5033296        412.93646    1.0896509e-12
         -------------------------------------------------------------------------------------------------------------------------
      Convergence progress:
         mode 1 |Zo|:
            4.91235e-06 < target: 1e-05
            1.70005e-06 < target: 1e-05
      Finished
      cummulative elapsed time: 747.996 s
   Converged
Frequency: 2.15443e+08
Mesh::GeneratePartitioning(...): edgecut = 77
   Refining mesh starting with the initial mesh.
   Iteration 1 ...
      mesh size: 1440
      mesh worst element aspect ratio: 1.98088 < target: 5
      Solving ...
         matrix size: 21889
         solving the eigenvalue problem ...
            number of iterations: 3022
         post processing ...
         solve elapsed time: 150.428 s
      Results:
         -------------------------------------------------------------------------------------------------------------------------
          mode     frequency           er,eff      alpha(dB/m)  beta/1000,rad/m          beta/ko        Zii(real)        Zii(imag)
         -------------------------------------------------------------------------------------------------------------------------
          1    2.1544347e+08        2.2599917    -7.250609e-05      0.006788064        1.5033269        412.93582   -0.00051024477
         -------------------------------------------------------------------------------------------------------------------------
      Refining mesh ...
      Finished
      cummulative elapsed time: 898.601 s
   Iteration 2 ...
      mesh size: 1564
      mesh worst element aspect ratio: 2.86684 < target: 5
      Solving ...
         matrix size: 23803
         solving the eigenvalue problem ...
            using initial guess for the dominant eigenvalue
            number of iterations: 1
         post processing ...
         null space eigenvalue count: 4
         solve elapsed time: 2.0819 s
      Results:
         -------------------------------------------------------------------------------------------------------------------------
          mode     frequency           er,eff      alpha(dB/m)  beta/1000,rad/m          beta/ko        Zii(real)        Zii(imag)
         -------------------------------------------------------------------------------------------------------------------------
          1    2.1544347e+08        2.2599999    -1.797625e-15     0.0067880762        1.5033296        412.93621   -6.1283493e-15
         -------------------------------------------------------------------------------------------------------------------------
      Convergence progress:
         mode 1 |Zo|:
            9.46252e-07 < target: 1e-05
      Refining mesh ...
      Finished
      cummulative elapsed time: 900.886 s
   Iteration 3 ...
      mesh size: 1601
      mesh worst element aspect ratio: 2.86684 < target: 5
      Solving ...
         matrix size: 24373
         solving the eigenvalue problem ...
            using initial guess for the dominant eigenvalue
            number of iterations: 1
         post processing ...
         null space eigenvalue count: 4
         solve elapsed time: 2.1545 s
      Results:
         -------------------------------------------------------------------------------------------------------------------------
          mode     frequency           er,eff      alpha(dB/m)  beta/1000,rad/m          beta/ko        Zii(real)        Zii(imag)
         -------------------------------------------------------------------------------------------------------------------------
          1    2.1544347e+08             2.26    -4.124406e-14     0.0067880763        1.5033296         412.9365   -2.9100174e-13
         -------------------------------------------------------------------------------------------------------------------------
      Convergence progress:
         mode 1 |Zo|:
            9.46252e-07 < target: 1e-05
            6.8186e-07 < target: 1e-05
      Finished
      cummulative elapsed time: 903.045 s
   Converged
Frequency: 4.64159e+08
Mesh::GeneratePartitioning(...): edgecut = 77
   Refining mesh starting with the initial mesh.
   Iteration 1 ...
      mesh size: 1440
      mesh worst element aspect ratio: 1.98088 < target: 5
      Solving ...
         matrix size: 21889
         solving the eigenvalue problem ...
            number of iterations: 3177
         post processing ...
         solve elapsed time: 144.059 s
      Results:
         -------------------------------------------------------------------------------------------------------------------------
          mode     frequency           er,eff      alpha(dB/m)  beta/1000,rad/m          beta/ko        Zii(real)        Zii(imag)
         -------------------------------------------------------------------------------------------------------------------------
          1    4.6415888e+08        2.2600118   -2.1986263e-05      0.014624505        1.5033336          412.934   -7.1301249e-05
         -------------------------------------------------------------------------------------------------------------------------
      Refining mesh ...
      Finished
      cummulative elapsed time: 1047.28 s
   Iteration 2 ...
      mesh size: 1496
      mesh worst element aspect ratio: 2.95946 < target: 5
      Solving ...
         matrix size: 22753
         solving the eigenvalue problem ...
            using initial guess for the dominant eigenvalue
            number of iterations: 1
         post processing ...
         null space eigenvalue count: 3
         solve elapsed time: 2.01012 s
      Results:
         -------------------------------------------------------------------------------------------------------------------------
          mode     frequency           er,eff      alpha(dB/m)  beta/1000,rad/m          beta/ko        Zii(real)        Zii(imag)
         -------------------------------------------------------------------------------------------------------------------------
          1    4.6415888e+08             2.26   -5.2212063e-14      0.014624467        1.5033296        412.93555   -1.7745293e-13
         -------------------------------------------------------------------------------------------------------------------------
      Convergence progress:
         mode 1 |Zo|:
            3.76126e-06 < target: 1e-05
      Refining mesh ...
      Finished
      cummulative elapsed time: 1049.49 s
   Iteration 3 ...
      mesh size: 1727
      mesh worst element aspect ratio: 2.95946 < target: 5
      Solving ...
         matrix size: 26233
         solving the eigenvalue problem ...
            using initial guess for the dominant eigenvalue
            number of iterations: 1
         post processing ...
         null space eigenvalue count: 4
         solve elapsed time: 2.58075 s
      Results:
         -------------------------------------------------------------------------------------------------------------------------
          mode     frequency           er,eff      alpha(dB/m)  beta/1000,rad/m          beta/ko        Zii(real)        Zii(imag)
         -------------------------------------------------------------------------------------------------------------------------
          1    4.6415888e+08             2.26   -1.9746555e-14      0.014624467        1.5033296        412.93575   -6.2929384e-14
         -------------------------------------------------------------------------------------------------------------------------
      Convergence progress:
         mode 1 |Zo|:
            3.76126e-06 < target: 1e-05
            4.80805e-07 < target: 1e-05
      Finished
      cummulative elapsed time: 1052.08 s
   Converged
Frequency: 1e+09
Mesh::GeneratePartitioning(...): edgecut = 77
   Refining mesh starting with the initial mesh.
   Iteration 1 ...
      mesh size: 1440
      mesh worst element aspect ratio: 1.98088 < target: 5
      Solving ...
         matrix size: 21889
         solving the eigenvalue problem ...
            number of iterations: 2451
         post processing ...
         solve elapsed time: 117.159 s
      Results:
         -------------------------------------------------------------------------------------------------------------------------
          mode     frequency           er,eff      alpha(dB/m)  beta/1000,rad/m          beta/ko        Zii(real)        Zii(imag)
         -------------------------------------------------------------------------------------------------------------------------
          1            1e+09        2.2600052   -7.3221772e-06      0.031507495        1.5033314         412.9346   -1.1009372e-05
         -------------------------------------------------------------------------------------------------------------------------
      Refining mesh ...
      Finished
      cummulative elapsed time: 1169.42 s
   Iteration 2 ...
      mesh size: 1459
      mesh worst element aspect ratio: 2.86885 < target: 5
      Solving ...
         matrix size: 22183
         solving the eigenvalue problem ...
            using initial guess for the dominant eigenvalue
            number of iterations: 1
         post processing ...
         null space eigenvalue count: 3
         solve elapsed time: 1.95641 s
      Results:
         -------------------------------------------------------------------------------------------------------------------------
          mode     frequency           er,eff      alpha(dB/m)  beta/1000,rad/m          beta/ko        Zii(real)        Zii(imag)
         -------------------------------------------------------------------------------------------------------------------------
          1            1e+09             2.26    1.3012747e-13      0.031507459        1.5033296        412.93505      1.98929e-13
         -------------------------------------------------------------------------------------------------------------------------
      Convergence progress:
         mode 1 |Zo|:
            1.0827e-06 < target: 1e-05
      Refining mesh ...
      Finished
      cummulative elapsed time: 1171.56 s
   Iteration 3 ...
      mesh size: 1664
      mesh worst element aspect ratio: 2.92249 < target: 5
      Solving ...
         matrix size: 25267
         solving the eigenvalue problem ...
            using initial guess for the dominant eigenvalue
            number of iterations: 1
         post processing ...
         solve elapsed time: 2.6669 s
      Results:
         -------------------------------------------------------------------------------------------------------------------------
          mode     frequency           er,eff      alpha(dB/m)  beta/1000,rad/m          beta/ko        Zii(real)        Zii(imag)
         -------------------------------------------------------------------------------------------------------------------------
          1            1e+09             2.26    9.4953873e-15      0.031507459        1.5033296        412.93508   -9.1890422e-16
         -------------------------------------------------------------------------------------------------------------------------
      Convergence progress:
         mode 1 |Zo|:
            1.0827e-06 < target: 1e-05
            8.44383e-08 < target: 1e-05
      Finished
      cummulative elapsed time: 1174.23 s
   Converged
Frequency: 2.15443e+09
Mesh::GeneratePartitioning(...): edgecut = 77
   Refining mesh starting with the initial mesh.
   Iteration 1 ...
      mesh size: 1440
      mesh worst element aspect ratio: 1.98088 < target: 5
      Solving ...
         matrix size: 21889
         solving the eigenvalue problem ...
            number of iterations: 2714
         post processing ...
         solve elapsed time: 125.704 s
      Results:
         -------------------------------------------------------------------------------------------------------------------------
          mode     frequency           er,eff      alpha(dB/m)  beta/1000,rad/m          beta/ko        Zii(real)        Zii(imag)
         -------------------------------------------------------------------------------------------------------------------------
          1    2.1544347e+09        2.2599998   -4.7802142e-08      0.067880761        1.5033296        412.93509   -1.8328287e-08
         -------------------------------------------------------------------------------------------------------------------------
      Refining mesh ...
      Finished
      cummulative elapsed time: 1300.11 s
   Iteration 2 ...
      mesh size: 1505
      mesh worst element aspect ratio: 2.78368 < target: 5
      Solving ...
         matrix size: 22891
         solving the eigenvalue problem ...
            using initial guess for the dominant eigenvalue
            number of iterations: 1
         post processing ...
         null space eigenvalue count: 2
         solve elapsed time: 2.02383 s
      Results:
         -------------------------------------------------------------------------------------------------------------------------
          mode     frequency           er,eff      alpha(dB/m)  beta/1000,rad/m          beta/ko        Zii(real)        Zii(imag)
         -------------------------------------------------------------------------------------------------------------------------
          1    2.1544347e+09             2.26   -2.1919167e-13      0.067880763        1.5033296        412.93575   -1.5588229e-13
         -------------------------------------------------------------------------------------------------------------------------
      Convergence progress:
         mode 1 |Zo|:
            1.5896e-06 < target: 1e-05
      Refining mesh ...
      Finished
      cummulative elapsed time: 1302.34 s
   Iteration 3 ...
      mesh size: 1716
      mesh worst element aspect ratio: 2.92249 < target: 5
      Solving ...
         matrix size: 26077
         solving the eigenvalue problem ...
            using initial guess for the dominant eigenvalue
            number of iterations: 1
         post processing ...
         null space eigenvalue count: 3
         solve elapsed time: 2.58803 s
      Results:
         -------------------------------------------------------------------------------------------------------------------------
          mode     frequency           er,eff      alpha(dB/m)  beta/1000,rad/m          beta/ko        Zii(real)        Zii(imag)
         -------------------------------------------------------------------------------------------------------------------------
          1    2.1544347e+09             2.26      3.81868e-14      0.067880763        1.5033296        412.93621    2.1668474e-14
         -------------------------------------------------------------------------------------------------------------------------
      Convergence progress:
         mode 1 |Zo|:
            1.5896e-06 < target: 1e-05
            1.12398e-06 < target: 1e-05
      Finished
      cummulative elapsed time: 1304.93 s
   Converged
Frequency: 4.64159e+09
Mesh::GeneratePartitioning(...): edgecut = 77
   Refining mesh starting with the initial mesh.
   Iteration 1 ...
      mesh size: 1440
      mesh worst element aspect ratio: 1.98088 < target: 5
      Solving ...
         matrix size: 21889
         solving the eigenvalue problem ...
            number of iterations: 2022
         post processing ...
         solve elapsed time: 95.6526 s
      Results:
         -------------------------------------------------------------------------------------------------------------------------
          mode     frequency           er,eff      alpha(dB/m)  beta/1000,rad/m          beta/ko        Zii(real)        Zii(imag)
         -------------------------------------------------------------------------------------------------------------------------
          1    4.6415888e+09        2.2600001    6.5080398e-07       0.14624467        1.5033297        412.93507    2.1283568e-07
         -------------------------------------------------------------------------------------------------------------------------
      Refining mesh ...
      Finished
      cummulative elapsed time: 1400.76 s
   Iteration 2 ...
      mesh size: 1562
      mesh worst element aspect ratio: 2.86684 < target: 5
      Solving ...
         matrix size: 23773
         solving the eigenvalue problem ...
            using initial guess for the dominant eigenvalue
            number of iterations: 1
         post processing ...
         null space eigenvalue count: 2
         solve elapsed time: 2.1024 s
      Results:
         -------------------------------------------------------------------------------------------------------------------------
          mode     frequency           er,eff      alpha(dB/m)  beta/1000,rad/m          beta/ko        Zii(real)        Zii(imag)
         -------------------------------------------------------------------------------------------------------------------------
          1    4.6415888e+09             2.26    5.8256457e-14       0.14624467        1.5033296        412.93581    1.6525182e-14
         -------------------------------------------------------------------------------------------------------------------------
      Convergence progress:
         mode 1 |Zo|:
            1.8093e-06 < target: 1e-05
      Refining mesh ...
      Finished
      cummulative elapsed time: 1403.07 s
   Iteration 3 ...
      mesh size: 1694
      mesh worst element aspect ratio: 2.86684 < target: 5
      Solving ...
         matrix size: 25753
         solving the eigenvalue problem ...
            using initial guess for the dominant eigenvalue
            number of iterations: 1
         post processing ...
         null space eigenvalue count: 2
         solve elapsed time: 2.40144 s
      Results:
         -------------------------------------------------------------------------------------------------------------------------
          mode     frequency           er,eff      alpha(dB/m)  beta/1000,rad/m          beta/ko        Zii(real)        Zii(imag)
         -------------------------------------------------------------------------------------------------------------------------
          1    4.6415888e+09             2.26    1.3550688e-13       0.14624467        1.5033296        412.93581    3.8954136e-14
         -------------------------------------------------------------------------------------------------------------------------
      Convergence progress:
         mode 1 |Zo|:
            1.8093e-06 < target: 1e-05
            1.68919e-08 < target: 1e-05
      Finished
      cummulative elapsed time: 1405.48 s
   Converged
Frequency: 1e+10
Mesh::GeneratePartitioning(...): edgecut = 77
   Refining mesh starting with the initial mesh.
   Iteration 1 ...
      mesh size: 1440
      mesh worst element aspect ratio: 1.98088 < target: 5
      Solving ...
         matrix size: 21889
         solving the eigenvalue problem ...
            number of iterations: 2216
         post processing ...
         solve elapsed time: 100.2 s
      Results:
         -------------------------------------------------------------------------------------------------------------------------
          mode     frequency           er,eff      alpha(dB/m)  beta/1000,rad/m          beta/ko        Zii(real)        Zii(imag)
         -------------------------------------------------------------------------------------------------------------------------
          1            1e+10             2.26   -1.0419261e-06       0.31507459        1.5033296        412.93507   -1.5702448e-07
         -------------------------------------------------------------------------------------------------------------------------
      Refining mesh ...
      Finished
      cummulative elapsed time: 1505.86 s
   Iteration 2 ...
      mesh size: 1565
      mesh worst element aspect ratio: 2.87639 < target: 5
      Solving ...
         matrix size: 23815
         solving the eigenvalue problem ...
            using initial guess for the dominant eigenvalue
            number of iterations: 1
         post processing ...
         null space eigenvalue count: 1
         solve elapsed time: 2.08978 s
      Results:
         -------------------------------------------------------------------------------------------------------------------------
          mode     frequency           er,eff      alpha(dB/m)  beta/1000,rad/m          beta/ko        Zii(real)        Zii(imag)
         -------------------------------------------------------------------------------------------------------------------------
          1            1e+10             2.26    1.3186893e-12       0.31507459        1.5033296        412.93603    2.0451761e-13
         -------------------------------------------------------------------------------------------------------------------------
      Convergence progress:
         mode 1 |Zo|:
            2.32609e-06 < target: 1e-05
      Refining mesh ...
      Finished
      cummulative elapsed time: 1508.17 s
   Iteration 3 ...
      mesh size: 1783
      mesh worst element aspect ratio: 2.92249 < target: 5
      Solving ...
         matrix size: 27109
         solving the eigenvalue problem ...
            using initial guess for the dominant eigenvalue
            number of iterations: 1
         post processing ...
         null space eigenvalue count: 2
         solve elapsed time: 2.66718 s
      Results:
         -------------------------------------------------------------------------------------------------------------------------
          mode     frequency           er,eff      alpha(dB/m)  beta/1000,rad/m          beta/ko        Zii(real)        Zii(imag)
         -------------------------------------------------------------------------------------------------------------------------
          1            1e+10             2.26   -5.6242199e-13       0.31507459        1.5033296        412.93635   -8.3058577e-14
         -------------------------------------------------------------------------------------------------------------------------
      Convergence progress:
         mode 1 |Zo|:
            2.32609e-06 < target: 1e-05
            7.68414e-07 < target: 1e-05
      Finished
      cummulative elapsed time: 1510.85 s
   Converged
Job Complete
Elapsed time: 1510.86 s
