OpenParEM2D Copyright (C) 2022 Brian Young

This program comes with ABSOLUTELY NO WARRANTY.  This is free software,
and you are welcome to distribute it under certain conditions. To see
the full license, set
  output.show.license true
in the setup file.

Setting up ...
   loading project file "diffPair_accuracy_lowhigh.proj"
   loading materials file "../../global_materials.txt"
   loading materials file "../local_materials.txt"
   loading mode definition file "diffPair_modes.txt"
Loading mesh and assigning materials ...
Elements with wrong orientation: 73 / 140 (fixed)
Elements with wrong orientation: 73 / 140 (fixed)
Elements with wrong orientation: 73 / 140 (fixed)
Elements with wrong orientation: 73 / 140 (fixed)
Elements with wrong orientation: 73 / 140 (fixed)
Boundary elements with wrong orientation: 25 / 40 (fixed)
Boundary elements with wrong orientation: 25 / 40 (fixed)
Boundary elements with wrong orientation: 25 / 40 (fixed)
Boundary elements with wrong orientation: 25 / 40 (fixed)
Boundary elements with wrong orientation: 25 / 40 (fixed)
Frequency: 1e+09
Mesh::GeneratePartitioning(...): edgecut = 18
   Refining mesh starting with the initial mesh.
   Iteration 1 ...
      mesh size: 140
      mesh worst element aspect ratio: 7.24773 > target: 5
      Solving ...
         matrix size: 8220
         solving the eigenvalue problem ...
            number of iterations: 28942
         post processing ...
         solve elapsed time: 534.18 s
      Results:
         -------------------------------------------------------------------------------------------------------------------------
          mode     frequency           er,eff      alpha(dB/m)  beta/1000,rad/m          beta/ko        Zii(real)        Zii(imag)
         -------------------------------------------------------------------------------------------------------------------------
          1            1e+09        5.2949889    1.7660625e-05      0.048227161        2.3010843        34.733007    1.4823484e-06
         -------------------------------------------------------------------------------------------------------------------------
      Refining mesh ...
      Finished
      cummulative elapsed time: 534.235 s
   Iteration 2 ...
      mesh size: 162
      mesh worst element aspect ratio: 7.24773 > target: 5
      Solving ...
         matrix size: 9474
         solving the eigenvalue problem ...
            using initial guess for the dominant eigenvalue
            number of iterations: 1
         post processing ...
         null space eigenvalue count: 1
         solve elapsed time: 2.77673 s
      Results:
         -------------------------------------------------------------------------------------------------------------------------
          mode     frequency           er,eff      alpha(dB/m)  beta/1000,rad/m          beta/ko        Zii(real)        Zii(imag)
         -------------------------------------------------------------------------------------------------------------------------
          1            1e+09         5.296213   -1.7386827e-13      0.048232735        2.3013503        34.246588    7.1605559e-15
         -------------------------------------------------------------------------------------------------------------------------
      Convergence progress:
         mode 1 |Zo|:
            0.0142034 > target: 0.0001
      Refining mesh ...
      Finished
      cummulative elapsed time: 537.1 s
   Iteration 3 ...
      mesh size: 178
      mesh worst element aspect ratio: 6.71257 > target: 5
      Solving ...
         matrix size: 10398
         solving the eigenvalue problem ...
            using initial guess for the dominant eigenvalue
            number of iterations: 1
         post processing ...
         solve elapsed time: 3.35468 s
      Results:
         -------------------------------------------------------------------------------------------------------------------------
          mode     frequency           er,eff      alpha(dB/m)  beta/1000,rad/m          beta/ko        Zii(real)        Zii(imag)
         -------------------------------------------------------------------------------------------------------------------------
          1            1e+09        5.2875682    -4.972482e-14      0.048193354        2.2994713        33.779211    2.2012234e-15
         -------------------------------------------------------------------------------------------------------------------------
      Convergence progress:
         mode 1 |Zo|:
            0.0142034 > target: 0.0001
            0.0138362 > target: 0.0001
      Refining mesh ...
      Finished
      cummulative elapsed time: 540.595 s
   Iteration 4 ...
      mesh size: 188
      mesh worst element aspect ratio: 6.71257 > target: 5
      Solving ...
         matrix size: 10980
         solving the eigenvalue problem ...
            using initial guess for the dominant eigenvalue
            number of iterations: 1
         post processing ...
         solve elapsed time: 3.53685 s
      Results:
         -------------------------------------------------------------------------------------------------------------------------
          mode     frequency           er,eff      alpha(dB/m)  beta/1000,rad/m          beta/ko        Zii(real)        Zii(imag)
         -------------------------------------------------------------------------------------------------------------------------
          1            1e+09        5.2861107     1.298591e-13      0.048186712        2.2991543        33.793731   -3.9896796e-15
         -------------------------------------------------------------------------------------------------------------------------
      Convergence progress:
         mode 1 |Zo|:
            0.0138362 > target: 0.0001
            0.000429669 > target: 0.0001
      Refining mesh ...
      Finished
      cummulative elapsed time: 544.28 s
   Iteration 5 ...
      mesh size: 193
      mesh worst element aspect ratio: 6.71257 > target: 5
      Solving ...
         matrix size: 11271
         solving the eigenvalue problem ...
            using initial guess for the dominant eigenvalue
            number of iterations: 1
         post processing ...
         solve elapsed time: 3.60971 s
      Results:
         -------------------------------------------------------------------------------------------------------------------------
          mode     frequency           er,eff      alpha(dB/m)  beta/1000,rad/m          beta/ko        Zii(real)        Zii(imag)
         -------------------------------------------------------------------------------------------------------------------------
          1            1e+09        5.2864226   -8.1868806e-14      0.048188133        2.2992222        33.840597    1.6727794e-15
         -------------------------------------------------------------------------------------------------------------------------
      Convergence progress:
         mode 1 |Zo|:
            0.000429669 > target: 0.0001
            0.00138492 > target: 0.0001
      Refining mesh ...
      Finished
      cummulative elapsed time: 548.039 s
   Iteration 6 ...
      mesh size: 232
      mesh worst element aspect ratio: 7.24773 > target: 5
      Solving ...
         matrix size: 13512
         solving the eigenvalue problem ...
            using initial guess for the dominant eigenvalue
            number of iterations: 1
         post processing ...
         null space eigenvalue count: 2
         solve elapsed time: 5.21589 s
      Results:
         -------------------------------------------------------------------------------------------------------------------------
          mode     frequency           er,eff      alpha(dB/m)  beta/1000,rad/m          beta/ko        Zii(real)        Zii(imag)
         -------------------------------------------------------------------------------------------------------------------------
          1            1e+09        5.2834031    1.6128233e-13      0.048174369        2.2985654        33.410453   -1.9019624e-15
         -------------------------------------------------------------------------------------------------------------------------
      Convergence progress:
         mode 1 |Zo|:
            0.00138492 > target: 0.0001
            0.0128745 > target: 0.0001
      Refining mesh ...
      Finished
      cummulative elapsed time: 553.529 s
   Iteration 7 ...
      mesh size: 254
      mesh worst element aspect ratio: 7.24773 > target: 5
      Solving ...
         matrix size: 14778
         solving the eigenvalue problem ...
            using initial guess for the dominant eigenvalue
            number of iterations: 1
         post processing ...
         null space eigenvalue count: 2
         solve elapsed time: 5.45375 s
      Results:
         -------------------------------------------------------------------------------------------------------------------------
          mode     frequency           er,eff      alpha(dB/m)  beta/1000,rad/m          beta/ko        Zii(real)        Zii(imag)
         -------------------------------------------------------------------------------------------------------------------------
          1            1e+09        5.2812306    1.5158866e-13      0.048164464        2.2980928        32.950974    1.8447524e-15
         -------------------------------------------------------------------------------------------------------------------------
      Convergence progress:
         mode 1 |Zo|:
            0.0128745 > target: 0.0001
            0.0139443 > target: 0.0001
      Refining mesh ...
      Finished
      cummulative elapsed time: 559.217 s
   Iteration 8 ...
      mesh size: 287
      mesh worst element aspect ratio: 7.24773 > target: 5
      Solving ...
         matrix size: 16665
         solving the eigenvalue problem ...
            using initial guess for the dominant eigenvalue
            number of iterations: 1
         post processing ...
         null space eigenvalue count: 2
         solve elapsed time: 6.31294 s
      Results:
         -------------------------------------------------------------------------------------------------------------------------
          mode     frequency           er,eff      alpha(dB/m)  beta/1000,rad/m          beta/ko        Zii(real)        Zii(imag)
         -------------------------------------------------------------------------------------------------------------------------
          1            1e+09        5.2802547   -1.6622424e-13      0.048160014        2.2978805        32.904222    1.6701218e-14
         -------------------------------------------------------------------------------------------------------------------------
      Convergence progress:
         mode 1 |Zo|:
            0.0139443 > target: 0.0001
            0.00142085 > target: 0.0001
      Refining mesh ...
      Finished
      cummulative elapsed time: 565.815 s
   Iteration 9 ...
      mesh size: 352
      mesh worst element aspect ratio: 7.24773 > target: 5
      Solving ...
         matrix size: 20388
         solving the eigenvalue problem ...
            using initial guess for the dominant eigenvalue
            number of iterations: 1
         post processing ...
         null space eigenvalue count: 2
         solve elapsed time: 7.66164 s
      Results:
         -------------------------------------------------------------------------------------------------------------------------
          mode     frequency           er,eff      alpha(dB/m)  beta/1000,rad/m          beta/ko        Zii(real)        Zii(imag)
         -------------------------------------------------------------------------------------------------------------------------
          1            1e+09        5.2774835   -1.8467978e-14      0.048147374        2.2972774        32.573575    2.0463939e-14
         -------------------------------------------------------------------------------------------------------------------------
      Convergence progress:
         mode 1 |Zo|:
            0.00142085 > target: 0.0001
            0.0101507 > target: 0.0001
      Refining mesh ...
      Finished
      cummulative elapsed time: 573.769 s
   Iteration 10 ...
      mesh size: 386
      mesh worst element aspect ratio: 7.24773 > target: 5
      Solving ...
         matrix size: 22338
         solving the eigenvalue problem ...
            using initial guess for the dominant eigenvalue
            number of iterations: 1
         post processing ...
         null space eigenvalue count: 2
         solve elapsed time: 9.18944 s
      Results:
         -------------------------------------------------------------------------------------------------------------------------
          mode     frequency           er,eff      alpha(dB/m)  beta/1000,rad/m          beta/ko        Zii(real)        Zii(imag)
         -------------------------------------------------------------------------------------------------------------------------
          1            1e+09        5.2755656   -2.2998657e-14      0.048138625        2.2968599        32.476566     9.373523e-15
         -------------------------------------------------------------------------------------------------------------------------
      Convergence progress:
         mode 1 |Zo|:
            0.0101507 > target: 0.0001
            0.00298707 > target: 0.0001
      Refining mesh ...
      Finished
      cummulative elapsed time: 583.372 s
   Iteration 11 ...
      mesh size: 426
      mesh worst element aspect ratio: 7.24773 > target: 5
      Solving ...
         matrix size: 24630
         solving the eigenvalue problem ...
            using initial guess for the dominant eigenvalue
            number of iterations: 1
         post processing ...
         null space eigenvalue count: 2
         solve elapsed time: 9.71994 s
      Results:
         -------------------------------------------------------------------------------------------------------------------------
          mode     frequency           er,eff      alpha(dB/m)  beta/1000,rad/m          beta/ko        Zii(real)        Zii(imag)
         -------------------------------------------------------------------------------------------------------------------------
          1            1e+09        5.2758766   -4.0748426e-13      0.048140044        2.2969276        32.322323    1.6504701e-14
         -------------------------------------------------------------------------------------------------------------------------
      Convergence progress:
         mode 1 |Zo|:
            0.00298707 > target: 0.0001
            0.00477201 > target: 0.0001
      Refining mesh ...
      Finished
      cummulative elapsed time: 593.43 s
   Iteration 12 ...
      mesh size: 451
      mesh worst element aspect ratio: 7.24773 > target: 5
      Solving ...
         matrix size: 26061
         solving the eigenvalue problem ...
            using initial guess for the dominant eigenvalue
            number of iterations: 1
         post processing ...
         null space eigenvalue count: 2
         solve elapsed time: 10.3937 s
      Results:
         -------------------------------------------------------------------------------------------------------------------------
          mode     frequency           er,eff      alpha(dB/m)  beta/1000,rad/m          beta/ko        Zii(real)        Zii(imag)
         -------------------------------------------------------------------------------------------------------------------------
          1            1e+09        5.2751369   -1.5875542e-13      0.048136669        2.2967666        32.252755   -3.1395657e-14
         -------------------------------------------------------------------------------------------------------------------------
      Convergence progress:
         mode 1 |Zo|:
            0.00477201 > target: 0.0001
            0.00215697 > target: 0.0001
      Refining mesh ...
      Finished
      cummulative elapsed time: 604.201 s
   Iteration 13 ...
      mesh size: 525
      mesh worst element aspect ratio: 7.24773 > target: 5
      Solving ...
         matrix size: 30315
         solving the eigenvalue problem ...
            using initial guess for the dominant eigenvalue
            number of iterations: 1
         post processing ...
         null space eigenvalue count: 2
         solve elapsed time: 12.7988 s
      Results:
         -------------------------------------------------------------------------------------------------------------------------
          mode     frequency           er,eff      alpha(dB/m)  beta/1000,rad/m          beta/ko        Zii(real)        Zii(imag)
         -------------------------------------------------------------------------------------------------------------------------
          1            1e+09        5.2734616    1.8424286e-13      0.048129024        2.2964019        32.057148    1.5534226e-14
         -------------------------------------------------------------------------------------------------------------------------
      Convergence progress:
         mode 1 |Zo|:
            0.00215697 > target: 0.0001
            0.00610183 > target: 0.0001
      Refining mesh ...
      Finished
      cummulative elapsed time: 617.55 s
   Iteration 14 ...
      mesh size: 580
      mesh worst element aspect ratio: 7.24773 > target: 5
      Solving ...
         matrix size: 33468
         solving the eigenvalue problem ...
            using initial guess for the dominant eigenvalue
            number of iterations: 1
         post processing ...
         null space eigenvalue count: 2
         solve elapsed time: 13.8834 s
      Results:
         -------------------------------------------------------------------------------------------------------------------------
          mode     frequency           er,eff      alpha(dB/m)  beta/1000,rad/m          beta/ko        Zii(real)        Zii(imag)
         -------------------------------------------------------------------------------------------------------------------------
          1            1e+09        5.2735848   -2.5914263e-13      0.048129587        2.2964287        31.961288     2.208603e-15
         -------------------------------------------------------------------------------------------------------------------------
      Convergence progress:
         mode 1 |Zo|:
            0.00610183 > target: 0.0001
            0.00299925 > target: 0.0001
      Refining mesh ...
      Finished
      cummulative elapsed time: 631.985 s
   Iteration 15 ...
      mesh size: 600
      mesh worst element aspect ratio: 7.24773 > target: 5
      Solving ...
         matrix size: 34608
         solving the eigenvalue problem ...
            using initial guess for the dominant eigenvalue
            number of iterations: 1
         post processing ...
         null space eigenvalue count: 2
         solve elapsed time: 14.0898 s
      Results:
         -------------------------------------------------------------------------------------------------------------------------
          mode     frequency           er,eff      alpha(dB/m)  beta/1000,rad/m          beta/ko        Zii(real)        Zii(imag)
         -------------------------------------------------------------------------------------------------------------------------
          1            1e+09        5.2732144    3.5418111e-12      0.048127896        2.2963481        31.908857    2.2937859e-13
         -------------------------------------------------------------------------------------------------------------------------
      Convergence progress:
         mode 1 |Zo|:
            0.00299925 > target: 0.0001
            0.00164316 > target: 0.0001
      Refining mesh ...
      Finished
      cummulative elapsed time: 646.603 s
   Iteration 16 ...
      mesh size: 667
      mesh worst element aspect ratio: 7.24773 > target: 5
      Solving ...
         matrix size: 38457
         solving the eigenvalue problem ...
            using initial guess for the dominant eigenvalue
            number of iterations: 1
         post processing ...
         null space eigenvalue count: 2
         solve elapsed time: 16.1748 s
      Results:
         -------------------------------------------------------------------------------------------------------------------------
          mode     frequency           er,eff      alpha(dB/m)  beta/1000,rad/m          beta/ko        Zii(real)        Zii(imag)
         -------------------------------------------------------------------------------------------------------------------------
          1            1e+09        5.2723843    -1.337736e-14      0.048124108        2.2961673          31.7809    2.7186788e-14
         -------------------------------------------------------------------------------------------------------------------------
      Convergence progress:
         mode 1 |Zo|:
            0.00164316 > target: 0.0001
            0.00402623 > target: 0.0001
      Refining mesh ...
      Finished
      cummulative elapsed time: 663.45 s
   Iteration 17 ...
      mesh size: 706
      mesh worst element aspect ratio: 7.24773 > target: 5
      Solving ...
         matrix size: 40698
         solving the eigenvalue problem ...
            using initial guess for the dominant eigenvalue
            number of iterations: 1
         post processing ...
         null space eigenvalue count: 2
         solve elapsed time: 17.1378 s
      Results:
         -------------------------------------------------------------------------------------------------------------------------
          mode     frequency           er,eff      alpha(dB/m)  beta/1000,rad/m          beta/ko        Zii(real)        Zii(imag)
         -------------------------------------------------------------------------------------------------------------------------
          1            1e+09        5.2723843   -1.2815724e-13      0.048124108        2.2961673        31.780899   -6.8461148e-15
         -------------------------------------------------------------------------------------------------------------------------
      Convergence progress:
         mode 1 |Zo|:
            0.00402623 > target: 0.0001
            3.13136e-08 < target: 0.0001
      Refining mesh ...
      Finished
      cummulative elapsed time: 681.324 s
   Iteration 18 ...
      mesh size: 753
      mesh worst element aspect ratio: 7.24773 > target: 5
      Solving ...
         matrix size: 43395
         solving the eigenvalue problem ...
            using initial guess for the dominant eigenvalue
            number of iterations: 1
         post processing ...
         null space eigenvalue count: 2
         solve elapsed time: 17.9153 s
      Results:
         -------------------------------------------------------------------------------------------------------------------------
          mode     frequency           er,eff      alpha(dB/m)  beta/1000,rad/m          beta/ko        Zii(real)        Zii(imag)
         -------------------------------------------------------------------------------------------------------------------------
          1            1e+09        5.2724331    2.8822863e-13      0.048124331        2.2961779         31.72091   -2.4109902e-14
         -------------------------------------------------------------------------------------------------------------------------
      Convergence progress:
         mode 1 |Zo|:
            3.13136e-08 < target: 0.0001
            0.00189113 > target: 0.0001
      Refining mesh ...
      Finished
      cummulative elapsed time: 699.97 s
   Iteration 19 ...
      mesh size: 871
      mesh worst element aspect ratio: 7.24773 > target: 5
      Solving ...
         matrix size: 50169
         solving the eigenvalue problem ...
            using initial guess for the dominant eigenvalue
            number of iterations: 1
         post processing ...
         null space eigenvalue count: 2
         solve elapsed time: 20.192 s
      Results:
         -------------------------------------------------------------------------------------------------------------------------
          mode     frequency           er,eff      alpha(dB/m)  beta/1000,rad/m          beta/ko        Zii(real)        Zii(imag)
         -------------------------------------------------------------------------------------------------------------------------
          1            1e+09         5.271885     1.749123e-13       0.04812183        2.2960586        31.655275    8.0709752e-15
         -------------------------------------------------------------------------------------------------------------------------
      Convergence progress:
         mode 1 |Zo|:
            0.00189113 > target: 0.0001
            0.00207343 > target: 0.0001
      Refining mesh ...
      Finished
      cummulative elapsed time: 720.913 s
   Iteration 20 ...
      mesh size: 931
      mesh worst element aspect ratio: 7.24773 > target: 5
      Solving ...
         matrix size: 53601
         solving the eigenvalue problem ...
            using initial guess for the dominant eigenvalue
            number of iterations: 1
         post processing ...
         null space eigenvalue count: 2
         solve elapsed time: 22.4299 s
      Results:
         -------------------------------------------------------------------------------------------------------------------------
          mode     frequency           er,eff      alpha(dB/m)  beta/1000,rad/m          beta/ko        Zii(real)        Zii(imag)
         -------------------------------------------------------------------------------------------------------------------------
          1            1e+09        5.2718966   -2.9539407e-13      0.048121882        2.2960611        31.621846   -1.8245172e-15
         -------------------------------------------------------------------------------------------------------------------------
      Convergence progress:
         mode 1 |Zo|:
            0.00207343 > target: 0.0001
            0.00105717 > target: 0.0001
      Refining mesh ...
      Finished
      cummulative elapsed time: 744.297 s
   Iteration 21 ...
      mesh size: 954
      mesh worst element aspect ratio: 7.24773 > target: 5
      Solving ...
         matrix size: 54918
         solving the eigenvalue problem ...
            using initial guess for the dominant eigenvalue
            number of iterations: 1
         post processing ...
         null space eigenvalue count: 2
         solve elapsed time: 22.9927 s
      Results:
         -------------------------------------------------------------------------------------------------------------------------
          mode     frequency           er,eff      alpha(dB/m)  beta/1000,rad/m          beta/ko        Zii(real)        Zii(imag)
         -------------------------------------------------------------------------------------------------------------------------
          1            1e+09        5.2718966    1.3138087e-13      0.048121882        2.2960611        31.618309   -1.9031022e-14
         -------------------------------------------------------------------------------------------------------------------------
      Convergence progress:
         mode 1 |Zo|:
            0.00105717 > target: 0.0001
            0.000111842 > target: 0.0001
      Refining mesh ...
      Finished
      cummulative elapsed time: 768.267 s
   Iteration 22 ...
      mesh size: 1030
      mesh worst element aspect ratio: 7.24773 > target: 5
      Solving ...
         matrix size: 59274
         solving the eigenvalue problem ...
            using initial guess for the dominant eigenvalue
            number of iterations: 1
         post processing ...
         null space eigenvalue count: 2
         solve elapsed time: 24.7894 s
      Results:
         -------------------------------------------------------------------------------------------------------------------------
          mode     frequency           er,eff      alpha(dB/m)  beta/1000,rad/m          beta/ko        Zii(real)        Zii(imag)
         -------------------------------------------------------------------------------------------------------------------------
          1            1e+09         5.271916    3.6622613e-13      0.048121971        2.2960653        31.580653   -1.4763688e-14
         -------------------------------------------------------------------------------------------------------------------------
      Convergence progress:
         mode 1 |Zo|:
            0.000111842 > target: 0.0001
            0.00119239 > target: 0.0001
      Refining mesh ...
      Finished
      cummulative elapsed time: 794.105 s
   Iteration 23 ...
      mesh size: 1186
      mesh worst element aspect ratio: 7.24773 > target: 5
      Solving ...
         matrix size: 68202
         solving the eigenvalue problem ...
            using initial guess for the dominant eigenvalue
            number of iterations: 1
         post processing ...
         null space eigenvalue count: 2
         solve elapsed time: 29.1857 s
      Results:
         -------------------------------------------------------------------------------------------------------------------------
          mode     frequency           er,eff      alpha(dB/m)  beta/1000,rad/m          beta/ko        Zii(real)        Zii(imag)
         -------------------------------------------------------------------------------------------------------------------------
          1            1e+09        5.2715992   -2.5024921e-13      0.048120525        2.2959963        31.529712    2.3746353e-14
         -------------------------------------------------------------------------------------------------------------------------
      Convergence progress:
         mode 1 |Zo|:
            0.00119239 > target: 0.0001
            0.00161565 > target: 0.0001
      Refining mesh ...
      Finished
      cummulative elapsed time: 824.617 s
   Iteration 24 ...
      mesh size: 1266
      mesh worst element aspect ratio: 7.24773 > target: 5
      Solving ...
         matrix size: 72774
         solving the eigenvalue problem ...
            using initial guess for the dominant eigenvalue
            number of iterations: 1
         post processing ...
         null space eigenvalue count: 2
         solve elapsed time: 30.921 s
      Results:
         -------------------------------------------------------------------------------------------------------------------------
          mode     frequency           er,eff      alpha(dB/m)  beta/1000,rad/m          beta/ko        Zii(real)        Zii(imag)
         -------------------------------------------------------------------------------------------------------------------------
          1            1e+09        5.2716034   -6.0780245e-13      0.048120544        2.2959973        31.506805   -1.5053769e-14
         -------------------------------------------------------------------------------------------------------------------------
      Convergence progress:
         mode 1 |Zo|:
            0.00161565 > target: 0.0001
            0.000727049 > target: 0.0001
      Refining mesh ...
      Finished
      cummulative elapsed time: 857.019 s
   Iteration 25 ...
      mesh size: 1327
      mesh worst element aspect ratio: 7.24773 > target: 5
      Solving ...
         matrix size: 76257
         solving the eigenvalue problem ...
            using initial guess for the dominant eigenvalue
            number of iterations: 1
         post processing ...
         null space eigenvalue count: 2
         solve elapsed time: 32.4396 s
      Results:
         -------------------------------------------------------------------------------------------------------------------------
          mode     frequency           er,eff      alpha(dB/m)  beta/1000,rad/m          beta/ko        Zii(real)        Zii(imag)
         -------------------------------------------------------------------------------------------------------------------------
          1            1e+09        5.2716034   -5.3293261e-13      0.048120544        2.2959972        31.506805    1.7703489e-14
         -------------------------------------------------------------------------------------------------------------------------
      Convergence progress:
         mode 1 |Zo|:
            0.000727049 > target: 0.0001
            2.62379e-10 < target: 0.0001
      Refining mesh ...
      Finished
      cummulative elapsed time: 891.007 s
   Iteration 26 ...
      mesh size: 1456
      mesh worst element aspect ratio: 7.24773 > target: 5
      Solving ...
         matrix size: 83640
         solving the eigenvalue problem ...
            using initial guess for the dominant eigenvalue
            number of iterations: 1
         post processing ...
         null space eigenvalue count: 2
         solve elapsed time: 35.373 s
      Results:
         -------------------------------------------------------------------------------------------------------------------------
          mode     frequency           er,eff      alpha(dB/m)  beta/1000,rad/m          beta/ko        Zii(real)        Zii(imag)
         -------------------------------------------------------------------------------------------------------------------------
          1            1e+09         5.271611     7.220423e-14      0.048120579        2.2959989        31.483143    3.8253957e-15
         -------------------------------------------------------------------------------------------------------------------------
      Convergence progress:
         mode 1 |Zo|:
            2.62379e-10 < target: 0.0001
            0.000751582 > target: 0.0001
      Refining mesh ...
      Finished
      cummulative elapsed time: 928.018 s
   Iteration 27 ...
      mesh size: 1642
      mesh worst element aspect ratio: 7.24773 > target: 5
      Solving ...
         matrix size: 94290
         solving the eigenvalue problem ...
            using initial guess for the dominant eigenvalue
            number of iterations: 1
         post processing ...
         null space eigenvalue count: 2
         solve elapsed time: 39.5413 s
      Results:
         -------------------------------------------------------------------------------------------------------------------------
          mode     frequency           er,eff      alpha(dB/m)  beta/1000,rad/m          beta/ko        Zii(real)        Zii(imag)
         -------------------------------------------------------------------------------------------------------------------------
          1            1e+09        5.2714574   -1.5986274e-13      0.048119878        2.2959655         31.44984     1.849717e-14
         -------------------------------------------------------------------------------------------------------------------------
      Convergence progress:
         mode 1 |Zo|:
            0.000751582 > target: 0.0001
            0.00105892 > target: 0.0001
      Refining mesh ...
      Finished
      cummulative elapsed time: 969.519 s
   Iteration 28 ...
      mesh size: 1752
      mesh worst element aspect ratio: 7.24773 > target: 5
      Solving ...
         matrix size: 100572
         solving the eigenvalue problem ...
            using initial guess for the dominant eigenvalue
            number of iterations: 1
         post processing ...
         null space eigenvalue count: 2
         solve elapsed time: 42.9168 s
      Results:
         -------------------------------------------------------------------------------------------------------------------------
          mode     frequency           er,eff      alpha(dB/m)  beta/1000,rad/m          beta/ko        Zii(real)        Zii(imag)
         -------------------------------------------------------------------------------------------------------------------------
          1            1e+09        5.2714594   -3.5964717e-13      0.048119887        2.2959659        31.437431    1.8126717e-14
         -------------------------------------------------------------------------------------------------------------------------
      Convergence progress:
         mode 1 |Zo|:
            0.00105892 > target: 0.0001
            0.000394701 > target: 0.0001
      Refining mesh ...
      Finished
      cummulative elapsed time: 1014.7 s
   Iteration 29 ...
      mesh size: 1841
      mesh worst element aspect ratio: 7.24773 > target: 5
      Solving ...
         matrix size: 105651
         solving the eigenvalue problem ...
            using initial guess for the dominant eigenvalue
            number of iterations: 1
         post processing ...
         null space eigenvalue count: 2
         solve elapsed time: 45.2045 s
      Results:
         -------------------------------------------------------------------------------------------------------------------------
          mode     frequency           er,eff      alpha(dB/m)  beta/1000,rad/m          beta/ko        Zii(real)        Zii(imag)
         -------------------------------------------------------------------------------------------------------------------------
          1            1e+09        5.2714594   -3.3126351e-13      0.048119887        2.2959659        31.437463     2.381904e-14
         -------------------------------------------------------------------------------------------------------------------------
      Convergence progress:
         mode 1 |Zo|:
            0.000394701 > target: 0.0001
            1.0021e-06 < target: 0.0001
      Refining mesh ...
      Finished
      cummulative elapsed time: 1062.32 s
   Iteration 30 ...
      mesh size: 1983
      mesh worst element aspect ratio: 7.24773 > target: 5
      Solving ...
         matrix size: 113769
         solving the eigenvalue problem ...
            using initial guess for the dominant eigenvalue
            number of iterations: 1
         post processing ...
         null space eigenvalue count: 2
         solve elapsed time: 48.6473 s
      Results:
         -------------------------------------------------------------------------------------------------------------------------
          mode     frequency           er,eff      alpha(dB/m)  beta/1000,rad/m          beta/ko        Zii(real)        Zii(imag)
         -------------------------------------------------------------------------------------------------------------------------
          1            1e+09        5.2714594   -3.9640758e-13      0.048119887        2.2959659        31.437459   -9.1282556e-14
         -------------------------------------------------------------------------------------------------------------------------
      Convergence progress:
         mode 1 |Zo|:
            1.0021e-06 < target: 0.0001
            1.39671e-07 < target: 0.0001
      Finished
      cummulative elapsed time: 1111.55 s
   Converged
Frequency: 1e+11
   Refining mesh starting with the last mesh.
   Iteration 1 ...
      mesh size: 1983
      mesh worst element aspect ratio: 7.24773 > target: 5
      Solving ...
         matrix size: 113769
         solving the eigenvalue problem ...
            using initial guess for the dominant eigenvalue
            number of iterations: 6
         post processing ...
         solve elapsed time: 50.2466 s
      Results:
         -------------------------------------------------------------------------------------------------------------------------
          mode     frequency           er,eff      alpha(dB/m)  beta/1000,rad/m          beta/ko        Zii(real)        Zii(imag)
         -------------------------------------------------------------------------------------------------------------------------
          1            1e+11        9.2715635    6.0654792e-12        6.3816893        3.0449242        66.021899     4.835019e-15
         -------------------------------------------------------------------------------------------------------------------------
      Refining mesh ...
      Finished
      cummulative elapsed time: 1164.5 s
   Iteration 2 ...
      mesh size: 2008
      mesh worst element aspect ratio: 7.24773 > target: 5
      Solving ...
         matrix size: 115200
         solving the eigenvalue problem ...
            using initial guess for the dominant eigenvalue
            number of iterations: 9
         post processing ...
         solve elapsed time: 52.2703 s
      Results:
         -------------------------------------------------------------------------------------------------------------------------
          mode     frequency           er,eff      alpha(dB/m)  beta/1000,rad/m          beta/ko        Zii(real)        Zii(imag)
         -------------------------------------------------------------------------------------------------------------------------
          1            1e+11        9.2715635    5.7886932e-11        6.3816893        3.0449242        66.021787    6.0591114e-14
         -------------------------------------------------------------------------------------------------------------------------
      Convergence progress:
         mode 1 |Zo|:
            1.7066e-06 < target: 0.0001
      Refining mesh ...
      Finished
      cummulative elapsed time: 1219.53 s
   Iteration 3 ...
      mesh size: 2042
      mesh worst element aspect ratio: 7.24773 > target: 5
      Solving ...
         matrix size: 117138
         solving the eigenvalue problem ...
            using initial guess for the dominant eigenvalue
            number of iterations: 9
         post processing ...
         solve elapsed time: 53.4467 s
      Results:
         -------------------------------------------------------------------------------------------------------------------------
          mode     frequency           er,eff      alpha(dB/m)  beta/1000,rad/m          beta/ko        Zii(real)        Zii(imag)
         -------------------------------------------------------------------------------------------------------------------------
          1            1e+11        9.2715635    2.9163144e-11        6.3816893        3.0449242        66.021787    4.1638051e-15
         -------------------------------------------------------------------------------------------------------------------------
      Convergence progress:
         mode 1 |Zo|:
            1.7066e-06 < target: 0.0001
            2.28808e-10 < target: 0.0001
      Finished
      cummulative elapsed time: 1273.84 s
   Converged
Frequency: 1e+08
   Using existing mesh ...
      mesh size: 2042
      mesh worst element aspect ratio: 7.24773 > target: 5
      Solving ...
         matrix size: 117138
         solving the eigenvalue problem ...
            using initial guess for the dominant eigenvalue
            number of iterations: 1
         post processing ...
         solve elapsed time: 50.2251 s
      Results:
         -------------------------------------------------------------------------------------------------------------------------
          mode     frequency           er,eff      alpha(dB/m)  beta/1000,rad/m          beta/ko        Zii(real)        Zii(imag)
         -------------------------------------------------------------------------------------------------------------------------
          1            1e+08        5.2668369   -4.0793406e-15     0.0048098784         2.294959        31.449667      3.28789e-14
         -------------------------------------------------------------------------------------------------------------------------
      Finished
      cummulative elapsed time: 1324.73 s
Frequency: 1e+09
   Using existing mesh ...
      mesh size: 2042
      mesh worst element aspect ratio: 7.24773 > target: 5
      Solving ...
         matrix size: 117138
         solving the eigenvalue problem ...
            using initial guess for the dominant eigenvalue
            number of iterations: 1
         post processing ...
         null space eigenvalue count: 2
         solve elapsed time: 50.5529 s
      Results:
         -------------------------------------------------------------------------------------------------------------------------
          mode     frequency           er,eff      alpha(dB/m)  beta/1000,rad/m          beta/ko        Zii(real)        Zii(imag)
         -------------------------------------------------------------------------------------------------------------------------
          1            1e+09        5.2714594   -3.8025902e-13      0.048119887        2.2959659        31.437418    3.2461233e-15
         -------------------------------------------------------------------------------------------------------------------------
      Finished
      cummulative elapsed time: 1375.95 s
Frequency: 4e+09
   Using existing mesh ...
      mesh size: 2042
      mesh worst element aspect ratio: 7.24773 > target: 5
      Solving ...
         matrix size: 117138
         solving the eigenvalue problem ...
            using initial guess for the dominant eigenvalue
            number of iterations: 1
         post processing ...
         null space eigenvalue count: 1
         solve elapsed time: 50.7005 s
      Results:
         -------------------------------------------------------------------------------------------------------------------------
          mode     frequency           er,eff      alpha(dB/m)  beta/1000,rad/m          beta/ko        Zii(real)        Zii(imag)
         -------------------------------------------------------------------------------------------------------------------------
          1            4e+09        5.3391003    1.7815435e-14       0.19371051        2.3106493        31.289278    -3.255065e-15
         -------------------------------------------------------------------------------------------------------------------------
      Finished
      cummulative elapsed time: 1427.33 s
Frequency: 8e+09
   Using existing mesh ...
      mesh size: 2042
      mesh worst element aspect ratio: 7.24773 > target: 5
      Solving ...
         matrix size: 117138
         solving the eigenvalue problem ...
            using initial guess for the dominant eigenvalue
            number of iterations: 2
         post processing ...
         solve elapsed time: 51.0417 s
      Results:
         -------------------------------------------------------------------------------------------------------------------------
          mode     frequency           er,eff      alpha(dB/m)  beta/1000,rad/m          beta/ko        Zii(real)        Zii(imag)
         -------------------------------------------------------------------------------------------------------------------------
          1            8e+09        5.5340906     2.138353e-12       0.39443213        2.3524648        31.070869    1.0417407e-14
         -------------------------------------------------------------------------------------------------------------------------
      Finished
      cummulative elapsed time: 1479.04 s
Frequency: 1.2e+10
   Using existing mesh ...
      mesh size: 2042
      mesh worst element aspect ratio: 7.24773 > target: 5
      Solving ...
         matrix size: 117138
         solving the eigenvalue problem ...
            using initial guess for the dominant eigenvalue
            number of iterations: 3
         post processing ...
         solve elapsed time: 51.4658 s
      Results:
         -------------------------------------------------------------------------------------------------------------------------
          mode     frequency           er,eff      alpha(dB/m)  beta/1000,rad/m          beta/ko        Zii(real)        Zii(imag)
         -------------------------------------------------------------------------------------------------------------------------
          1          1.2e+10        5.8186831    3.9453363e-12       0.60667034        2.4121947        31.133882   -8.8605892e-15
         -------------------------------------------------------------------------------------------------------------------------
      Finished
      cummulative elapsed time: 1531.19 s
Frequency: 1.6e+10
   Using existing mesh ...
      mesh size: 2042
      mesh worst element aspect ratio: 7.24773 > target: 5
      Solving ...
         matrix size: 117138
         solving the eigenvalue problem ...
            using initial guess for the dominant eigenvalue
            number of iterations: 3
         post processing ...
         solve elapsed time: 51.6172 s
      Results:
         -------------------------------------------------------------------------------------------------------------------------
          mode     frequency           er,eff      alpha(dB/m)  beta/1000,rad/m          beta/ko        Zii(real)        Zii(imag)
         -------------------------------------------------------------------------------------------------------------------------
          1          1.6e+10        6.1596818   -1.4138618e-11       0.83225859        2.4818706        31.703292    -3.877033e-14
         -------------------------------------------------------------------------------------------------------------------------
      Finished
      cummulative elapsed time: 1583.47 s
Frequency: 2e+10
   Using existing mesh ...
      mesh size: 2042
      mesh worst element aspect ratio: 7.24773 > target: 5
      Solving ...
         matrix size: 117138
         solving the eigenvalue problem ...
            using initial guess for the dominant eigenvalue
            number of iterations: 3
         post processing ...
         solve elapsed time: 51.5859 s
      Results:
         -------------------------------------------------------------------------------------------------------------------------
          mode     frequency           er,eff      alpha(dB/m)  beta/1000,rad/m          beta/ko        Zii(real)        Zii(imag)
         -------------------------------------------------------------------------------------------------------------------------
          1            2e+10        6.5220871   -1.1469601e-11        1.0704896        2.5538377        32.832084   -7.7101698e-14
         -------------------------------------------------------------------------------------------------------------------------
      Finished
      cummulative elapsed time: 1635.72 s
Frequency: 2.4e+10
   Using existing mesh ...
      mesh size: 2042
      mesh worst element aspect ratio: 7.24773 > target: 5
      Solving ...
         matrix size: 117138
         solving the eigenvalue problem ...
            using initial guess for the dominant eigenvalue
            number of iterations: 3
         post processing ...
         solve elapsed time: 51.6479 s
      Results:
         -------------------------------------------------------------------------------------------------------------------------
          mode     frequency           er,eff      alpha(dB/m)  beta/1000,rad/m          beta/ko        Zii(real)        Zii(imag)
         -------------------------------------------------------------------------------------------------------------------------
          1          2.4e+10        6.8761289   -7.0368533e-12        1.3189928        2.6222374        34.422109    1.7285407e-14
         -------------------------------------------------------------------------------------------------------------------------
      Finished
      cummulative elapsed time: 1688.03 s
Frequency: 2.8e+10
   Using existing mesh ...
      mesh size: 2042
      mesh worst element aspect ratio: 7.24773 > target: 5
      Solving ...
         matrix size: 117138
         solving the eigenvalue problem ...
            using initial guess for the dominant eigenvalue
            number of iterations: 3
         post processing ...
         solve elapsed time: 51.536 s
      Results:
         -------------------------------------------------------------------------------------------------------------------------
          mode     frequency           er,eff      alpha(dB/m)  beta/1000,rad/m          beta/ko        Zii(real)        Zii(imag)
         -------------------------------------------------------------------------------------------------------------------------
          1          2.8e+10        7.2027523    1.5466253e-11        1.5749488        2.6837944        36.312992   -6.7120889e-14
         -------------------------------------------------------------------------------------------------------------------------
      Finished
      cummulative elapsed time: 1740.22 s
Frequency: 3.2e+10
   Using existing mesh ...
      mesh size: 2042
      mesh worst element aspect ratio: 7.24773 > target: 5
      Solving ...
         matrix size: 117138
         solving the eigenvalue problem ...
            using initial guess for the dominant eigenvalue
            number of iterations: 4
         post processing ...
         solve elapsed time: 52.2939 s
      Results:
         -------------------------------------------------------------------------------------------------------------------------
          mode     frequency           er,eff      alpha(dB/m)  beta/1000,rad/m          beta/ko        Zii(real)        Zii(imag)
         -------------------------------------------------------------------------------------------------------------------------
          1          3.2e+10        7.4935229    4.2263395e-11        1.8359133          2.73743        38.357186    2.4478627e-13
         -------------------------------------------------------------------------------------------------------------------------
      Finished
      cummulative elapsed time: 1793.17 s
Frequency: 3.6e+10
   Using existing mesh ...
      mesh size: 2042
      mesh worst element aspect ratio: 7.24773 > target: 5
      Solving ...
         matrix size: 117138
         solving the eigenvalue problem ...
            using initial guess for the dominant eigenvalue
            number of iterations: 4
         post processing ...
         solve elapsed time: 52.0233 s
      Results:
         -------------------------------------------------------------------------------------------------------------------------
          mode     frequency           er,eff      alpha(dB/m)  beta/1000,rad/m          beta/ko        Zii(real)        Zii(imag)
         -------------------------------------------------------------------------------------------------------------------------
          1          3.6e+10        7.7472649    1.0380583e-10        2.1000801        2.7833909        40.449589    2.3230506e-13
         -------------------------------------------------------------------------------------------------------------------------
      Finished
      cummulative elapsed time: 1845.85 s
Frequency: 4e+10
   Using existing mesh ...
      mesh size: 2042
      mesh worst element aspect ratio: 7.24773 > target: 5
      Solving ...
         matrix size: 117138
         solving the eigenvalue problem ...
            using initial guess for the dominant eigenvalue
            number of iterations: 4
         post processing ...
         solve elapsed time: 51.6279 s
      Results:
         -------------------------------------------------------------------------------------------------------------------------
          mode     frequency           er,eff      alpha(dB/m)  beta/1000,rad/m          beta/ko        Zii(real)        Zii(imag)
         -------------------------------------------------------------------------------------------------------------------------
          1            4e+10        7.9665899    1.9704648e-11        2.3662215        2.8225148        42.525972    5.3012431e-14
         -------------------------------------------------------------------------------------------------------------------------
      Finished
      cummulative elapsed time: 1898.36 s
Frequency: 4.4e+10
   Using existing mesh ...
      mesh size: 2042
      mesh worst element aspect ratio: 7.24773 > target: 5
      Solving ...
         matrix size: 117138
         solving the eigenvalue problem ...
            using initial guess for the dominant eigenvalue
            number of iterations: 4
         post processing ...
         solve elapsed time: 51.9152 s
      Results:
         -------------------------------------------------------------------------------------------------------------------------
          mode     frequency           er,eff      alpha(dB/m)  beta/1000,rad/m          beta/ko        Zii(real)        Zii(imag)
         -------------------------------------------------------------------------------------------------------------------------
          1          4.4e+10        8.1555752     1.969532e-11        2.6335353        2.8557968        44.551298   -2.8688312e-14
         -------------------------------------------------------------------------------------------------------------------------
      Finished
      cummulative elapsed time: 1950.93 s
Frequency: 4.8e+10
   Using existing mesh ...
      mesh size: 2042
      mesh worst element aspect ratio: 7.24773 > target: 5
      Solving ...
         matrix size: 117138
         solving the eigenvalue problem ...
            using initial guess for the dominant eigenvalue
            number of iterations: 4
         post processing ...
         solve elapsed time: 51.6132 s
      Results:
         -------------------------------------------------------------------------------------------------------------------------
          mode     frequency           er,eff      alpha(dB/m)  beta/1000,rad/m          beta/ko        Zii(real)        Zii(imag)
         -------------------------------------------------------------------------------------------------------------------------
          1          4.8e+10        8.3185264   -5.9704741e-11        2.9015069        2.8841856         46.50866   -1.6669785e-14
         -------------------------------------------------------------------------------------------------------------------------
      Finished
      cummulative elapsed time: 2003.2 s
Frequency: 5.2e+10
   Using existing mesh ...
      mesh size: 2042
      mesh worst element aspect ratio: 7.24773 > target: 5
      Solving ...
         matrix size: 117138
         solving the eigenvalue problem ...
            using initial guess for the dominant eigenvalue
            number of iterations: 5
         post processing ...
         solve elapsed time: 51.983 s
      Results:
         -------------------------------------------------------------------------------------------------------------------------
          mode     frequency           er,eff      alpha(dB/m)  beta/1000,rad/m          beta/ko        Zii(real)        Zii(imag)
         -------------------------------------------------------------------------------------------------------------------------
          1          5.2e+10        8.4594254   -3.8396307e-11        3.1698079        2.9085091        48.391545   -1.1630894e-13
         -------------------------------------------------------------------------------------------------------------------------
      Finished
      cummulative elapsed time: 2055.87 s
Frequency: 5.6e+10
   Using existing mesh ...
      mesh size: 2042
      mesh worst element aspect ratio: 7.24773 > target: 5
      Solving ...
         matrix size: 117138
         solving the eigenvalue problem ...
            using initial guess for the dominant eigenvalue
            number of iterations: 5
         post processing ...
         solve elapsed time: 51.9496 s
      Results:
         -------------------------------------------------------------------------------------------------------------------------
          mode     frequency           er,eff      alpha(dB/m)  beta/1000,rad/m          beta/ko        Zii(real)        Zii(imag)
         -------------------------------------------------------------------------------------------------------------------------
          1          5.6e+10        8.5817404    -5.900096e-11        3.4382296        2.9294608        50.199076   -1.0111249e-13
         -------------------------------------------------------------------------------------------------------------------------
      Finished
      cummulative elapsed time: 2108.48 s
Frequency: 6e+10
   Using existing mesh ...
      mesh size: 2042
      mesh worst element aspect ratio: 7.24773 > target: 5
      Solving ...
         matrix size: 117138
         solving the eigenvalue problem ...
            using initial guess for the dominant eigenvalue
            number of iterations: 5
         post processing ...
         solve elapsed time: 52.2221 s
      Results:
         -------------------------------------------------------------------------------------------------------------------------
          mode     frequency           er,eff      alpha(dB/m)  beta/1000,rad/m          beta/ko        Zii(real)        Zii(imag)
         -------------------------------------------------------------------------------------------------------------------------
          1            6e+10        8.6884036    2.9606104e-11          3.70664        2.9476098        51.933251    7.0476552e-14
         -------------------------------------------------------------------------------------------------------------------------
      Finished
      cummulative elapsed time: 2161.34 s
Frequency: 6.4e+10
   Using existing mesh ...
      mesh size: 2042
      mesh worst element aspect ratio: 7.24773 > target: 5
      Solving ...
         matrix size: 117138
         solving the eigenvalue problem ...
            using initial guess for the dominant eigenvalue
            number of iterations: 6
         post processing ...
         solve elapsed time: 52.422 s
      Results:
         -------------------------------------------------------------------------------------------------------------------------
          mode     frequency           er,eff      alpha(dB/m)  beta/1000,rad/m          beta/ko        Zii(real)        Zii(imag)
         -------------------------------------------------------------------------------------------------------------------------
          1          6.4e+10        8.7818589    3.9685652e-12        3.9749564        2.9634201        53.597409   -1.3661976e-14
         -------------------------------------------------------------------------------------------------------------------------
      Finished
      cummulative elapsed time: 2214.42 s
Frequency: 6.8e+10
   Using existing mesh ...
      mesh size: 2042
      mesh worst element aspect ratio: 7.24773 > target: 5
      Solving ...
         matrix size: 117138
         solving the eigenvalue problem ...
            using initial guess for the dominant eigenvalue
            number of iterations: 6
         post processing ...
         solve elapsed time: 52.7369 s
      Results:
         -------------------------------------------------------------------------------------------------------------------------
          mode     frequency           er,eff      alpha(dB/m)  beta/1000,rad/m          beta/ko        Zii(real)        Zii(imag)
         -------------------------------------------------------------------------------------------------------------------------
          1          6.8e+10        8.8641302   -1.4514434e-11        4.2431281        2.9772689        55.195392    -4.372721e-14
         -------------------------------------------------------------------------------------------------------------------------
      Finished
      cummulative elapsed time: 2267.79 s
Frequency: 7.2e+10
   Using existing mesh ...
      mesh size: 2042
      mesh worst element aspect ratio: 7.24773 > target: 5
      Solving ...
         matrix size: 117138
         solving the eigenvalue problem ...
            using initial guess for the dominant eigenvalue
            number of iterations: 6
         post processing ...
         solve elapsed time: 52.7525 s
      Results:
         -------------------------------------------------------------------------------------------------------------------------
          mode     frequency           er,eff      alpha(dB/m)  beta/1000,rad/m          beta/ko        Zii(real)        Zii(imag)
         -------------------------------------------------------------------------------------------------------------------------
          1          7.2e+10        8.9368913    4.5450334e-11        4.5111254        2.9894634        56.731113    7.3286643e-14
         -------------------------------------------------------------------------------------------------------------------------
      Finished
      cummulative elapsed time: 2321.17 s
Frequency: 7.6e+10
   Using existing mesh ...
      mesh size: 2042
      mesh worst element aspect ratio: 7.24773 > target: 5
      Solving ...
         matrix size: 117138
         solving the eigenvalue problem ...
            using initial guess for the dominant eigenvalue
            number of iterations: 7
         post processing ...
         solve elapsed time: 52.7593 s
      Results:
         -------------------------------------------------------------------------------------------------------------------------
          mode     frequency           er,eff      alpha(dB/m)  beta/1000,rad/m          beta/ko        Zii(real)        Zii(imag)
         -------------------------------------------------------------------------------------------------------------------------
          1          7.6e+10        9.0015281   -1.5544679e-11        4.7789323        3.0002547        58.208339   -4.5003594e-14
         -------------------------------------------------------------------------------------------------------------------------
      Finished
      cummulative elapsed time: 2374.58 s
Frequency: 8e+10
   Using existing mesh ...
      mesh size: 2042
      mesh worst element aspect ratio: 7.24773 > target: 5
      Solving ...
         matrix size: 117138
         solving the eigenvalue problem ...
            using initial guess for the dominant eigenvalue
            number of iterations: 7
         post processing ...
         solve elapsed time: 53.1956 s
      Results:
         -------------------------------------------------------------------------------------------------------------------------
          mode     frequency           er,eff      alpha(dB/m)  beta/1000,rad/m          beta/ko        Zii(real)        Zii(imag)
         -------------------------------------------------------------------------------------------------------------------------
          1            8e+10        9.0591912   -5.3547931e-11        5.0465417         3.009849        59.630593   -4.5260218e-14
         -------------------------------------------------------------------------------------------------------------------------
      Finished
      cummulative elapsed time: 2428.41 s
Frequency: 8.4e+10
   Using existing mesh ...
      mesh size: 2042
      mesh worst element aspect ratio: 7.24773 > target: 5
      Solving ...
         matrix size: 117138
         solving the eigenvalue problem ...
            using initial guess for the dominant eigenvalue
            number of iterations: 8
         post processing ...
         solve elapsed time: 52.9266 s
      Results:
         -------------------------------------------------------------------------------------------------------------------------
          mode     frequency           er,eff      alpha(dB/m)  beta/1000,rad/m          beta/ko        Zii(real)        Zii(imag)
         -------------------------------------------------------------------------------------------------------------------------
          1          8.4e+10        9.1108397    9.9666386e-11        5.3139523        3.0184168        61.001122    1.5701207e-13
         -------------------------------------------------------------------------------------------------------------------------
      Finished
      cummulative elapsed time: 2482.01 s
Frequency: 8.8e+10
   Using existing mesh ...
      mesh size: 2042
      mesh worst element aspect ratio: 7.24773 > target: 5
      Solving ...
         matrix size: 117138
         solving the eigenvalue problem ...
            using initial guess for the dominant eigenvalue
            number of iterations: 8
         post processing ...
         solve elapsed time: 52.9423 s
      Results:
         -------------------------------------------------------------------------------------------------------------------------
          mode     frequency           er,eff      alpha(dB/m)  beta/1000,rad/m          beta/ko        Zii(real)        Zii(imag)
         -------------------------------------------------------------------------------------------------------------------------
          1          8.8e+10        9.1572766    6.7661478e-11        5.5811668        3.0260992        62.322902    1.1529554e-13
         -------------------------------------------------------------------------------------------------------------------------
      Finished
      cummulative elapsed time: 2535.6 s
Frequency: 9.2e+10
   Using existing mesh ...
      mesh size: 2042
      mesh worst element aspect ratio: 7.24773 > target: 5
      Solving ...
         matrix size: 117138
         solving the eigenvalue problem ...
            using initial guess for the dominant eigenvalue
            number of iterations: 8
         post processing ...
         solve elapsed time: 53.2997 s
      Results:
         -------------------------------------------------------------------------------------------------------------------------
          mode     frequency           er,eff      alpha(dB/m)  beta/1000,rad/m          beta/ko        Zii(real)        Zii(imag)
         -------------------------------------------------------------------------------------------------------------------------
          1          9.2e+10        9.1991769    1.5729371e-10        5.8481901        3.0330145        63.598651    1.6250277e-13
         -------------------------------------------------------------------------------------------------------------------------
      Finished
      cummulative elapsed time: 2589.54 s
Frequency: 9.6e+10
   Using existing mesh ...
      mesh size: 2042
      mesh worst element aspect ratio: 7.24773 > target: 5
      Solving ...
         matrix size: 117138
         solving the eigenvalue problem ...
            using initial guess for the dominant eigenvalue
            number of iterations: 9
         post processing ...
         solve elapsed time: 53.3735 s
      Results:
         -------------------------------------------------------------------------------------------------------------------------
          mode     frequency           er,eff      alpha(dB/m)  beta/1000,rad/m          beta/ko        Zii(real)        Zii(imag)
         -------------------------------------------------------------------------------------------------------------------------
          1          9.6e+10        9.2371111   -4.7845372e-12        6.1150285        3.0392616        64.830853    2.3189589e-15
         -------------------------------------------------------------------------------------------------------------------------
      Finished
      cummulative elapsed time: 2643.58 s
Job Complete
Elapsed time: 2643.69 s
