OpenParEM2D Copyright (C) 2022 Brian Young

This program comes with ABSOLUTELY NO WARRANTY.  This is free software,
and you are welcome to distribute it under certain conditions. To see
the full license, set
  output.show.license true
in the setup file.

Setting up ...
   loading project file "diffPair_accuracy_highlow.proj"
   loading materials file "../../global_materials.txt"
   loading materials file "../local_materials.txt"
   loading mode definition file "diffPair_modes.txt"
Loading mesh and assigning materials ...
Elements with wrong orientation: 73 / 140 (fixed)
Elements with wrong orientation: 73 / 140 (fixed)
Elements with wrong orientation: 73 / 140 (fixed)
Elements with wrong orientation: 73 / 140 (fixed)
Elements with wrong orientation: 73 / 140 (fixed)
Boundary elements with wrong orientation: 25 / 40 (fixed)
Boundary elements with wrong orientation: 25 / 40 (fixed)
Boundary elements with wrong orientation: 25 / 40 (fixed)
Boundary elements with wrong orientation: 25 / 40 (fixed)
Boundary elements with wrong orientation: 25 / 40 (fixed)
Frequency: 1e+11
Mesh::GeneratePartitioning(...): edgecut = 18
   Refining mesh starting with the initial mesh.
   Iteration 1 ...
      mesh size: 140
      mesh worst element aspect ratio: 7.24773 > target: 5
      Solving ...
         matrix size: 8220
         solving the eigenvalue problem ...
            number of iterations: 1253
         post processing ...
         solve elapsed time: 26.5432 s
      Results:
         -------------------------------------------------------------------------------------------------------------------------
          mode     frequency           er,eff      alpha(dB/m)  beta/1000,rad/m          beta/ko        Zii(real)        Zii(imag)
         -------------------------------------------------------------------------------------------------------------------------
          1            1e+11        9.2832409    -7.873594e-09        6.3857068        3.0468411        69.295896   -9.4207211e-12
         -------------------------------------------------------------------------------------------------------------------------
      Refining mesh ...
      Finished
      cummulative elapsed time: 26.5964 s
   Iteration 2 ...
      mesh size: 151
      mesh worst element aspect ratio: 6.71257 > target: 5
      Solving ...
         matrix size: 8853
         solving the eigenvalue problem ...
            using initial guess for the dominant eigenvalue
            number of iterations: 9
         post processing ...
         solve elapsed time: 2.5414 s
      Results:
         -------------------------------------------------------------------------------------------------------------------------
          mode     frequency           er,eff      alpha(dB/m)  beta/1000,rad/m          beta/ko        Zii(real)        Zii(imag)
         -------------------------------------------------------------------------------------------------------------------------
          1            1e+11        9.2788565   -5.5403018e-11        6.3841987        3.0461216        68.134317   -7.0937075e-14
         -------------------------------------------------------------------------------------------------------------------------
      Convergence progress:
         mode 1 |Zo|:
            0.0170484 > target: 0.0001
      Refining mesh ...
      Finished
      cummulative elapsed time: 29.219 s
   Iteration 3 ...
      mesh size: 178
      mesh worst element aspect ratio: 7.24773 > target: 5
      Solving ...
         matrix size: 10398
         solving the eigenvalue problem ...
            using initial guess for the dominant eigenvalue
            number of iterations: 9
         post processing ...
         solve elapsed time: 3.70985 s
      Results:
         -------------------------------------------------------------------------------------------------------------------------
          mode     frequency           er,eff      alpha(dB/m)  beta/1000,rad/m          beta/ko        Zii(real)        Zii(imag)
         -------------------------------------------------------------------------------------------------------------------------
          1            1e+11        9.2774107    2.0658389e-11        6.3837013        3.0458842         67.81677    3.3511132e-14
         -------------------------------------------------------------------------------------------------------------------------
      Convergence progress:
         mode 1 |Zo|:
            0.0170484 > target: 0.0001
            0.00468244 > target: 0.0001
      Refining mesh ...
      Finished
      cummulative elapsed time: 33.0927 s
   Iteration 4 ...
      mesh size: 188
      mesh worst element aspect ratio: 7.24773 > target: 5
      Solving ...
         matrix size: 10980
         solving the eigenvalue problem ...
            using initial guess for the dominant eigenvalue
            number of iterations: 9
         post processing ...
         solve elapsed time: 4.0155 s
      Results:
         -------------------------------------------------------------------------------------------------------------------------
          mode     frequency           er,eff      alpha(dB/m)  beta/1000,rad/m          beta/ko        Zii(real)        Zii(imag)
         -------------------------------------------------------------------------------------------------------------------------
          1            1e+11        9.2770387   -9.2883826e-11        6.3835733        3.0458232        67.862325   -1.1532394e-13
         -------------------------------------------------------------------------------------------------------------------------
      Convergence progress:
         mode 1 |Zo|:
            0.00468244 > target: 0.0001
            0.000671293 > target: 0.0001
      Refining mesh ...
      Finished
      cummulative elapsed time: 37.284 s
   Iteration 5 ...
      mesh size: 229
      mesh worst element aspect ratio: 7.24773 > target: 5
      Solving ...
         matrix size: 13335
         solving the eigenvalue problem ...
            using initial guess for the dominant eigenvalue
            number of iterations: 9
         post processing ...
         solve elapsed time: 5.37895 s
      Results:
         -------------------------------------------------------------------------------------------------------------------------
          mode     frequency           er,eff      alpha(dB/m)  beta/1000,rad/m          beta/ko        Zii(real)        Zii(imag)
         -------------------------------------------------------------------------------------------------------------------------
          1            1e+11        9.2746951   -6.1705319e-11        6.3827669        3.0454384        67.414933    -6.385637e-14
         -------------------------------------------------------------------------------------------------------------------------
      Convergence progress:
         mode 1 |Zo|:
            0.000671293 > target: 0.0001
            0.0066364 > target: 0.0001
      Refining mesh ...
      Finished
      cummulative elapsed time: 42.9142 s
   Iteration 6 ...
      mesh size: 256
      mesh worst element aspect ratio: 7.24773 > target: 5
      Solving ...
         matrix size: 14892
         solving the eigenvalue problem ...
            using initial guess for the dominant eigenvalue
            number of iterations: 9
         post processing ...
         solve elapsed time: 6.2667 s
      Results:
         -------------------------------------------------------------------------------------------------------------------------
          mode     frequency           er,eff      alpha(dB/m)  beta/1000,rad/m          beta/ko        Zii(real)        Zii(imag)
         -------------------------------------------------------------------------------------------------------------------------
          1            1e+11        9.2747006    8.3443163e-12        6.3827688        3.0454393        67.365828    9.4289809e-15
         -------------------------------------------------------------------------------------------------------------------------
      Convergence progress:
         mode 1 |Zo|:
            0.0066364 > target: 0.0001
            0.000728929 > target: 0.0001
      Refining mesh ...
      Finished
      cummulative elapsed time: 49.4716 s
   Iteration 7 ...
      mesh size: 278
      mesh worst element aspect ratio: 7.24773 > target: 5
      Solving ...
         matrix size: 16158
         solving the eigenvalue problem ...
            using initial guess for the dominant eigenvalue
            number of iterations: 9
         post processing ...
         solve elapsed time: 6.43115 s
      Results:
         -------------------------------------------------------------------------------------------------------------------------
          mode     frequency           er,eff      alpha(dB/m)  beta/1000,rad/m          beta/ko        Zii(real)        Zii(imag)
         -------------------------------------------------------------------------------------------------------------------------
          1            1e+11        9.2742532   -3.3627913e-11        6.3826149        3.0453659        67.246444   -4.9629173e-14
         -------------------------------------------------------------------------------------------------------------------------
      Convergence progress:
         mode 1 |Zo|:
            0.000728929 > target: 0.0001
            0.00177532 > target: 0.0001
      Refining mesh ...
      Finished
      cummulative elapsed time: 56.1528 s
   Iteration 8 ...
      mesh size: 321
      mesh worst element aspect ratio: 7.24773 > target: 5
      Solving ...
         matrix size: 18627
         solving the eigenvalue problem ...
            using initial guess for the dominant eigenvalue
            number of iterations: 9
         post processing ...
         solve elapsed time: 7.65064 s
      Results:
         -------------------------------------------------------------------------------------------------------------------------
          mode     frequency           er,eff      alpha(dB/m)  beta/1000,rad/m          beta/ko        Zii(real)        Zii(imag)
         -------------------------------------------------------------------------------------------------------------------------
          1            1e+11        9.2730834    4.5621685e-12        6.3822123        3.0451738        66.896856   -2.1061434e-15
         -------------------------------------------------------------------------------------------------------------------------
      Convergence progress:
         mode 1 |Zo|:
            0.00177532 > target: 0.0001
            0.00522578 > target: 0.0001
      Refining mesh ...
      Finished
      cummulative elapsed time: 64.0977 s
   Iteration 9 ...
      mesh size: 365
      mesh worst element aspect ratio: 7.24773 > target: 5
      Solving ...
         matrix size: 21147
         solving the eigenvalue problem ...
            using initial guess for the dominant eigenvalue
            number of iterations: 9
         post processing ...
         solve elapsed time: 8.90981 s
      Results:
         -------------------------------------------------------------------------------------------------------------------------
          mode     frequency           er,eff      alpha(dB/m)  beta/1000,rad/m          beta/ko        Zii(real)        Zii(imag)
         -------------------------------------------------------------------------------------------------------------------------
          1            1e+11        9.2730853   -8.6283745e-11         6.382213        3.0451741          66.8617   -9.6395587e-14
         -------------------------------------------------------------------------------------------------------------------------
      Convergence progress:
         mode 1 |Zo|:
            0.00522578 > target: 0.0001
            0.000525793 > target: 0.0001
      Refining mesh ...
      Finished
      cummulative elapsed time: 73.3802 s
   Iteration 10 ...
      mesh size: 391
      mesh worst element aspect ratio: 7.24773 > target: 5
      Solving ...
         matrix size: 22641
         solving the eigenvalue problem ...
            using initial guess for the dominant eigenvalue
            number of iterations: 9
         post processing ...
         solve elapsed time: 9.20485 s
      Results:
         -------------------------------------------------------------------------------------------------------------------------
          mode     frequency           er,eff      alpha(dB/m)  beta/1000,rad/m          beta/ko        Zii(real)        Zii(imag)
         -------------------------------------------------------------------------------------------------------------------------
          1            1e+11        9.2726644   -1.9041243e-11        6.3820681         3.045105        66.709251   -2.9174022e-14
         -------------------------------------------------------------------------------------------------------------------------
      Convergence progress:
         mode 1 |Zo|:
            0.000525793 > target: 0.0001
            0.00228528 > target: 0.0001
      Refining mesh ...
      Finished
      cummulative elapsed time: 82.9047 s
   Iteration 11 ...
      mesh size: 415
      mesh worst element aspect ratio: 7.24773 > target: 5
      Solving ...
         matrix size: 24021
         solving the eigenvalue problem ...
            using initial guess for the dominant eigenvalue
            number of iterations: 9
         post processing ...
         solve elapsed time: 10.2957 s
      Results:
         -------------------------------------------------------------------------------------------------------------------------
          mode     frequency           er,eff      alpha(dB/m)  beta/1000,rad/m          beta/ko        Zii(real)        Zii(imag)
         -------------------------------------------------------------------------------------------------------------------------
          1            1e+11        9.2722825    6.2850994e-12        6.3819367        3.0450423        66.570083    2.3436703e-14
         -------------------------------------------------------------------------------------------------------------------------
      Convergence progress:
         mode 1 |Zo|:
            0.00228528 > target: 0.0001
            0.00209055 > target: 0.0001
      Refining mesh ...
      Finished
      cummulative elapsed time: 93.6084 s
   Iteration 12 ...
      mesh size: 465
      mesh worst element aspect ratio: 7.24773 > target: 5
      Solving ...
         matrix size: 26895
         solving the eigenvalue problem ...
            using initial guess for the dominant eigenvalue
            number of iterations: 9
         post processing ...
         solve elapsed time: 11.516 s
      Results:
         -------------------------------------------------------------------------------------------------------------------------
          mode     frequency           er,eff      alpha(dB/m)  beta/1000,rad/m          beta/ko        Zii(real)        Zii(imag)
         -------------------------------------------------------------------------------------------------------------------------
          1            1e+11        9.2722839   -9.0951027e-11        6.3819372        3.0450425        66.533328   -1.1133997e-13
         -------------------------------------------------------------------------------------------------------------------------
      Convergence progress:
         mode 1 |Zo|:
            0.00209055 > target: 0.0001
            0.000552425 > target: 0.0001
      Refining mesh ...
      Finished
      cummulative elapsed time: 105.536 s
   Iteration 13 ...
      mesh size: 513
      mesh worst element aspect ratio: 7.24773 > target: 5
      Solving ...
         matrix size: 29643
         solving the eigenvalue problem ...
            using initial guess for the dominant eigenvalue
            number of iterations: 9
         post processing ...
         solve elapsed time: 11.939 s
      Results:
         -------------------------------------------------------------------------------------------------------------------------
          mode     frequency           er,eff      alpha(dB/m)  beta/1000,rad/m          beta/ko        Zii(real)        Zii(imag)
         -------------------------------------------------------------------------------------------------------------------------
          1            1e+11        9.2720753    2.2124702e-12        6.3818654        3.0450083        66.429956   -1.4971485e-14
         -------------------------------------------------------------------------------------------------------------------------
      Convergence progress:
         mode 1 |Zo|:
            0.000552425 > target: 0.0001
            0.00155612 > target: 0.0001
      Refining mesh ...
      Finished
      cummulative elapsed time: 117.829 s
   Iteration 14 ...
      mesh size: 564
      mesh worst element aspect ratio: 7.24773 > target: 5
      Solving ...
         matrix size: 32568
         solving the eigenvalue problem ...
            using initial guess for the dominant eigenvalue
            number of iterations: 9
         post processing ...
         solve elapsed time: 13.8656 s
      Results:
         -------------------------------------------------------------------------------------------------------------------------
          mode     frequency           er,eff      alpha(dB/m)  beta/1000,rad/m          beta/ko        Zii(real)        Zii(imag)
         -------------------------------------------------------------------------------------------------------------------------
          1            1e+11        9.2718867    8.0666119e-12        6.3818005        3.0449773        66.333393    4.5369518e-15
         -------------------------------------------------------------------------------------------------------------------------
      Convergence progress:
         mode 1 |Zo|:
            0.00155612 > target: 0.0001
            0.00145571 > target: 0.0001
      Refining mesh ...
      Finished
      cummulative elapsed time: 132.212 s
   Iteration 15 ...
      mesh size: 654
      mesh worst element aspect ratio: 7.24773 > target: 5
      Solving ...
         matrix size: 37734
         solving the eigenvalue problem ...
            using initial guess for the dominant eigenvalue
            number of iterations: 9
         post processing ...
         solve elapsed time: 16.3288 s
      Results:
         -------------------------------------------------------------------------------------------------------------------------
          mode     frequency           er,eff      alpha(dB/m)  beta/1000,rad/m          beta/ko        Zii(real)        Zii(imag)
         -------------------------------------------------------------------------------------------------------------------------
          1            1e+11        9.2718873   -2.0104426e-11        6.3818007        3.0449774        66.310613   -2.6469778e-14
         -------------------------------------------------------------------------------------------------------------------------
      Convergence progress:
         mode 1 |Zo|:
            0.00145571 > target: 0.0001
            0.000343536 > target: 0.0001
      Refining mesh ...
      Finished
      cummulative elapsed time: 149.156 s
   Iteration 16 ...
      mesh size: 711
      mesh worst element aspect ratio: 7.24773 > target: 5
      Solving ...
         matrix size: 41001
         solving the eigenvalue problem ...
            using initial guess for the dominant eigenvalue
            number of iterations: 9
         post processing ...
         solve elapsed time: 17.149 s
      Results:
         -------------------------------------------------------------------------------------------------------------------------
          mode     frequency           er,eff      alpha(dB/m)  beta/1000,rad/m          beta/ko        Zii(real)        Zii(imag)
         -------------------------------------------------------------------------------------------------------------------------
          1            1e+11        9.2717843    2.4633935e-11        6.3817653        3.0449605        66.241653    1.9373131e-14
         -------------------------------------------------------------------------------------------------------------------------
      Convergence progress:
         mode 1 |Zo|:
            0.000343536 > target: 0.0001
            0.00104104 > target: 0.0001
      Refining mesh ...
      Finished
      cummulative elapsed time: 166.835 s
   Iteration 17 ...
      mesh size: 741
      mesh worst element aspect ratio: 7.24773 > target: 5
      Solving ...
         matrix size: 42723
         solving the eigenvalue problem ...
            using initial guess for the dominant eigenvalue
            number of iterations: 9
         post processing ...
         solve elapsed time: 18.1952 s
      Results:
         -------------------------------------------------------------------------------------------------------------------------
          mode     frequency           er,eff      alpha(dB/m)  beta/1000,rad/m          beta/ko        Zii(real)        Zii(imag)
         -------------------------------------------------------------------------------------------------------------------------
          1            1e+11        9.2716916   -3.6085474e-11        6.3817334        3.0449453        66.181605   -4.5522268e-14
         -------------------------------------------------------------------------------------------------------------------------
      Convergence progress:
         mode 1 |Zo|:
            0.00104104 > target: 0.0001
            0.000907317 > target: 0.0001
      Refining mesh ...
      Finished
      cummulative elapsed time: 185.655 s
   Iteration 18 ...
      mesh size: 799
      mesh worst element aspect ratio: 7.24773 > target: 5
      Solving ...
         matrix size: 46041
         solving the eigenvalue problem ...
            using initial guess for the dominant eigenvalue
            number of iterations: 9
         post processing ...
         solve elapsed time: 20.1572 s
      Results:
         -------------------------------------------------------------------------------------------------------------------------
          mode     frequency           er,eff      alpha(dB/m)  beta/1000,rad/m          beta/ko        Zii(real)        Zii(imag)
         -------------------------------------------------------------------------------------------------------------------------
          1            1e+11        9.2716916   -2.4451108e-11        6.3817334        3.0449453        66.178383   -2.2439764e-14
         -------------------------------------------------------------------------------------------------------------------------
      Convergence progress:
         mode 1 |Zo|:
            0.000907317 > target: 0.0001
            4.86922e-05 < target: 0.0001
      Refining mesh ...
      Finished
      cummulative elapsed time: 206.562 s
   Iteration 19 ...
      mesh size: 837
      mesh worst element aspect ratio: 7.24773 > target: 5
      Solving ...
         matrix size: 48231
         solving the eigenvalue problem ...
            using initial guess for the dominant eigenvalue
            number of iterations: 9
         post processing ...
         solve elapsed time: 20.97 s
      Results:
         -------------------------------------------------------------------------------------------------------------------------
          mode     frequency           er,eff      alpha(dB/m)  beta/1000,rad/m          beta/ko        Zii(real)        Zii(imag)
         -------------------------------------------------------------------------------------------------------------------------
          1            1e+11        9.2716917   -4.4066907e-11        6.3817334        3.0449453        66.171983   -4.1439301e-14
         -------------------------------------------------------------------------------------------------------------------------
      Convergence progress:
         mode 1 |Zo|:
            4.86922e-05 < target: 0.0001
            9.67159e-05 < target: 0.0001
      Finished
      cummulative elapsed time: 227.665 s
   Converged
Frequency: 1e+09
   Refining mesh starting with the last mesh.
   Iteration 1 ...
      mesh size: 837
      mesh worst element aspect ratio: 7.24773 > target: 5
      Solving ...
         matrix size: 48231
         solving the eigenvalue problem ...
            using initial guess for the dominant eigenvalue
            number of iterations: 1
         post processing ...
         solve elapsed time: 19.8841 s
      Results:
         -------------------------------------------------------------------------------------------------------------------------
          mode     frequency           er,eff      alpha(dB/m)  beta/1000,rad/m          beta/ko        Zii(real)        Zii(imag)
         -------------------------------------------------------------------------------------------------------------------------
          1            1e+09        5.2717682    4.3177254e-13      0.048121296        2.2960331        31.639244   -1.8501173e-14
         -------------------------------------------------------------------------------------------------------------------------
      Refining mesh ...
      Finished
      cummulative elapsed time: 248.293 s
   Iteration 2 ...
      mesh size: 845
      mesh worst element aspect ratio: 7.24773 > target: 5
      Solving ...
         matrix size: 48687
         solving the eigenvalue problem ...
            using initial guess for the dominant eigenvalue
            number of iterations: 1
         post processing ...
         null space eigenvalue count: 2
         solve elapsed time: 19.9916 s
      Results:
         -------------------------------------------------------------------------------------------------------------------------
          mode     frequency           er,eff      alpha(dB/m)  beta/1000,rad/m          beta/ko        Zii(real)        Zii(imag)
         -------------------------------------------------------------------------------------------------------------------------
          1            1e+09        5.2717682    -1.134859e-13      0.048121296        2.2960331        31.639244    5.2684127e-14
         -------------------------------------------------------------------------------------------------------------------------
      Convergence progress:
         mode 1 |Zo|:
            2.82577e-09 < target: 0.0001
      Refining mesh ...
      Finished
      cummulative elapsed time: 269.023 s
   Iteration 3 ...
      mesh size: 855
      mesh worst element aspect ratio: 7.24773 > target: 5
      Solving ...
         matrix size: 49257
         solving the eigenvalue problem ...
            using initial guess for the dominant eigenvalue
            number of iterations: 1
         post processing ...
         null space eigenvalue count: 2
         solve elapsed time: 20.211 s
      Results:
         -------------------------------------------------------------------------------------------------------------------------
          mode     frequency           er,eff      alpha(dB/m)  beta/1000,rad/m          beta/ko        Zii(real)        Zii(imag)
         -------------------------------------------------------------------------------------------------------------------------
          1            1e+09        5.2717682    5.2793712e-14      0.048121296        2.2960331        31.639244   -1.2345464e-14
         -------------------------------------------------------------------------------------------------------------------------
      Convergence progress:
         mode 1 |Zo|:
            2.82577e-09 < target: 0.0001
            3.76773e-11 < target: 0.0001
      Finished
      cummulative elapsed time: 289.374 s
   Converged
Frequency: 1e+08
   Using existing mesh ...
      mesh size: 855
      mesh worst element aspect ratio: 7.24773 > target: 5
      Solving ...
         matrix size: 49257
         solving the eigenvalue problem ...
            using initial guess for the dominant eigenvalue
            number of iterations: 1
         post processing ...
         solve elapsed time: 20.1625 s
      Results:
         -------------------------------------------------------------------------------------------------------------------------
          mode     frequency           er,eff      alpha(dB/m)  beta/1000,rad/m          beta/ko        Zii(real)        Zii(imag)
         -------------------------------------------------------------------------------------------------------------------------
          1            1e+08        5.2671209   -4.3053801e-14     0.0048100081        2.2950209        31.651738    2.3109935e-14
         -------------------------------------------------------------------------------------------------------------------------
      Finished
      cummulative elapsed time: 309.672 s
Frequency: 4e+09
   Using existing mesh ...
      mesh size: 855
      mesh worst element aspect ratio: 7.24773 > target: 5
      Solving ...
         matrix size: 49257
         solving the eigenvalue problem ...
            using initial guess for the dominant eigenvalue
            number of iterations: 1
         post processing ...
         null space eigenvalue count: 1
         solve elapsed time: 20.4568 s
      Results:
         -------------------------------------------------------------------------------------------------------------------------
          mode     frequency           er,eff      alpha(dB/m)  beta/1000,rad/m          beta/ko        Zii(real)        Zii(imag)
         -------------------------------------------------------------------------------------------------------------------------
          1            4e+09        5.3394148    7.2939404e-13       0.19371622        2.3107174        31.488829   -5.4054788e-15
         -------------------------------------------------------------------------------------------------------------------------
      Finished
      cummulative elapsed time: 330.261 s
Frequency: 8e+09
   Using existing mesh ...
      mesh size: 855
      mesh worst element aspect ratio: 7.24773 > target: 5
      Solving ...
         matrix size: 49257
         solving the eigenvalue problem ...
            using initial guess for the dominant eigenvalue
            number of iterations: 2
         post processing ...
         solve elapsed time: 20.4377 s
      Results:
         -------------------------------------------------------------------------------------------------------------------------
          mode     frequency           er,eff      alpha(dB/m)  beta/1000,rad/m          beta/ko        Zii(real)        Zii(imag)
         -------------------------------------------------------------------------------------------------------------------------
          1            8e+09        5.5344184    2.3393308e-12       0.39444381        2.3525345        31.265187   -1.1116288e-14
         -------------------------------------------------------------------------------------------------------------------------
      Finished
      cummulative elapsed time: 350.831 s
Frequency: 1.2e+10
   Using existing mesh ...
      mesh size: 855
      mesh worst element aspect ratio: 7.24773 > target: 5
      Solving ...
         matrix size: 49257
         solving the eigenvalue problem ...
            using initial guess for the dominant eigenvalue
            number of iterations: 3
         post processing ...
         solve elapsed time: 20.6256 s
      Results:
         -------------------------------------------------------------------------------------------------------------------------
          mode     frequency           er,eff      alpha(dB/m)  beta/1000,rad/m          beta/ko        Zii(real)        Zii(imag)
         -------------------------------------------------------------------------------------------------------------------------
          1          1.2e+10        5.8190255    9.6734598e-12       0.60668819        2.4122656        31.322803    7.1246839e-14
         -------------------------------------------------------------------------------------------------------------------------
      Finished
      cummulative elapsed time: 371.593 s
Frequency: 1.6e+10
   Using existing mesh ...
      mesh size: 855
      mesh worst element aspect ratio: 7.24773 > target: 5
      Solving ...
         matrix size: 49257
         solving the eigenvalue problem ...
            using initial guess for the dominant eigenvalue
            number of iterations: 3
         post processing ...
         solve elapsed time: 20.6639 s
      Results:
         -------------------------------------------------------------------------------------------------------------------------
          mode     frequency           er,eff      alpha(dB/m)  beta/1000,rad/m          beta/ko        Zii(real)        Zii(imag)
         -------------------------------------------------------------------------------------------------------------------------
          1          1.6e+10         6.160035    2.5042056e-11       0.83228245        2.4819418        31.888256   -1.7965633e-14
         -------------------------------------------------------------------------------------------------------------------------
      Finished
      cummulative elapsed time: 392.388 s
Frequency: 2e+10
   Using existing mesh ...
      mesh size: 855
      mesh worst element aspect ratio: 7.24773 > target: 5
      Solving ...
         matrix size: 49257
         solving the eigenvalue problem ...
            using initial guess for the dominant eigenvalue
            number of iterations: 3
         post processing ...
         solve elapsed time: 20.5688 s
      Results:
         -------------------------------------------------------------------------------------------------------------------------
          mode     frequency           er,eff      alpha(dB/m)  beta/1000,rad/m          beta/ko        Zii(real)        Zii(imag)
         -------------------------------------------------------------------------------------------------------------------------
          1            2e+10        6.5224438    2.1318944e-12        1.0705189        2.5539076        33.014939    9.8133888e-15
         -------------------------------------------------------------------------------------------------------------------------
      Finished
      cummulative elapsed time: 413.102 s
Frequency: 2.4e+10
   Using existing mesh ...
      mesh size: 855
      mesh worst element aspect ratio: 7.24773 > target: 5
      Solving ...
         matrix size: 49257
         solving the eigenvalue problem ...
            using initial guess for the dominant eigenvalue
            number of iterations: 3
         post processing ...
         solve elapsed time: 20.5652 s
      Results:
         -------------------------------------------------------------------------------------------------------------------------
          mode     frequency           er,eff      alpha(dB/m)  beta/1000,rad/m          beta/ko        Zii(real)        Zii(imag)
         -------------------------------------------------------------------------------------------------------------------------
          1          2.4e+10        6.8764816   -2.4677425e-11        1.3190266        2.6223046        34.604219   -6.7997431e-14
         -------------------------------------------------------------------------------------------------------------------------
      Finished
      cummulative elapsed time: 433.796 s
Frequency: 2.8e+10
   Using existing mesh ...
      mesh size: 855
      mesh worst element aspect ratio: 7.24773 > target: 5
      Solving ...
         matrix size: 49257
         solving the eigenvalue problem ...
            using initial guess for the dominant eigenvalue
            number of iterations: 3
         post processing ...
         solve elapsed time: 20.5528 s
      Results:
         -------------------------------------------------------------------------------------------------------------------------
          mode     frequency           er,eff      alpha(dB/m)  beta/1000,rad/m          beta/ko        Zii(real)        Zii(imag)
         -------------------------------------------------------------------------------------------------------------------------
          1          2.8e+10        7.2030951   -2.1463893e-10        1.5749863        2.6838583        36.494978   -5.3430247e-13
         -------------------------------------------------------------------------------------------------------------------------
      Finished
      cummulative elapsed time: 454.49 s
Frequency: 3.2e+10
   Using existing mesh ...
      mesh size: 855
      mesh worst element aspect ratio: 7.24773 > target: 5
      Solving ...
         matrix size: 49257
         solving the eigenvalue problem ...
            using initial guess for the dominant eigenvalue
            number of iterations: 3
         post processing ...
         solve elapsed time: 20.5783 s
      Results:
         -------------------------------------------------------------------------------------------------------------------------
          mode     frequency           er,eff      alpha(dB/m)  beta/1000,rad/m          beta/ko        Zii(real)        Zii(imag)
         -------------------------------------------------------------------------------------------------------------------------
          1          3.2e+10        7.4938521    1.1604099e-10        1.8359536        2.7374901        38.539085    2.1774913e-13
         -------------------------------------------------------------------------------------------------------------------------
      Finished
      cummulative elapsed time: 475.199 s
Frequency: 3.6e+10
   Using existing mesh ...
      mesh size: 855
      mesh worst element aspect ratio: 7.24773 > target: 5
      Solving ...
         matrix size: 49257
         solving the eigenvalue problem ...
            using initial guess for the dominant eigenvalue
            number of iterations: 4
         post processing ...
         solve elapsed time: 20.7544 s
      Results:
         -------------------------------------------------------------------------------------------------------------------------
          mode     frequency           er,eff      alpha(dB/m)  beta/1000,rad/m          beta/ko        Zii(real)        Zii(imag)
         -------------------------------------------------------------------------------------------------------------------------
          1          3.6e+10        7.7475784    -2.124654e-11        2.1001226        2.7834472        40.631121   -2.3853072e-14
         -------------------------------------------------------------------------------------------------------------------------
      Finished
      cummulative elapsed time: 496.086 s
Frequency: 4e+10
   Using existing mesh ...
      mesh size: 855
      mesh worst element aspect ratio: 7.24773 > target: 5
      Solving ...
         matrix size: 49257
         solving the eigenvalue problem ...
            using initial guess for the dominant eigenvalue
            number of iterations: 4
         post processing ...
         solve elapsed time: 20.8245 s
      Results:
         -------------------------------------------------------------------------------------------------------------------------
          mode     frequency           er,eff      alpha(dB/m)  beta/1000,rad/m          beta/ko        Zii(real)        Zii(imag)
         -------------------------------------------------------------------------------------------------------------------------
          1            4e+10         7.966887    9.5139572e-12        2.3662656        2.8225675        42.706744    -1.131398e-14
         -------------------------------------------------------------------------------------------------------------------------
      Finished
      cummulative elapsed time: 517.05 s
Frequency: 4.4e+10
   Using existing mesh ...
      mesh size: 855
      mesh worst element aspect ratio: 7.24773 > target: 5
      Solving ...
         matrix size: 49257
         solving the eigenvalue problem ...
            using initial guess for the dominant eigenvalue
            number of iterations: 4
         post processing ...
         solve elapsed time: 20.7418 s
      Results:
         -------------------------------------------------------------------------------------------------------------------------
          mode     frequency           er,eff      alpha(dB/m)  beta/1000,rad/m          beta/ko        Zii(real)        Zii(imag)
         -------------------------------------------------------------------------------------------------------------------------
          1          4.4e+10         8.155856    8.6531492e-12        2.6335806        2.8558459         44.73092    3.3038152e-14
         -------------------------------------------------------------------------------------------------------------------------
      Finished
      cummulative elapsed time: 537.929 s
Frequency: 4.8e+10
   Using existing mesh ...
      mesh size: 855
      mesh worst element aspect ratio: 7.24773 > target: 5
      Solving ...
         matrix size: 49257
         solving the eigenvalue problem ...
            using initial guess for the dominant eigenvalue
            number of iterations: 4
         post processing ...
         solve elapsed time: 20.7181 s
      Results:
         -------------------------------------------------------------------------------------------------------------------------
          mode     frequency           er,eff      alpha(dB/m)  beta/1000,rad/m          beta/ko        Zii(real)        Zii(imag)
         -------------------------------------------------------------------------------------------------------------------------
          1          4.8e+10        8.3187913   -9.0675528e-11        2.9015531        2.8842315        46.686795   -2.0517309e-13
         -------------------------------------------------------------------------------------------------------------------------
      Finished
      cummulative elapsed time: 558.782 s
Frequency: 5.2e+10
   Using existing mesh ...
      mesh size: 855
      mesh worst element aspect ratio: 7.24773 > target: 5
      Solving ...
         matrix size: 49257
         solving the eigenvalue problem ...
            using initial guess for the dominant eigenvalue
            number of iterations: 5
         post processing ...
         solve elapsed time: 20.9013 s
      Results:
         -------------------------------------------------------------------------------------------------------------------------
          mode     frequency           er,eff      alpha(dB/m)  beta/1000,rad/m          beta/ko        Zii(real)        Zii(imag)
         -------------------------------------------------------------------------------------------------------------------------
          1          5.2e+10        8.4596751    1.7637994e-12        3.1698547        2.9085521        48.567925   -1.6242849e-15
         -------------------------------------------------------------------------------------------------------------------------
      Finished
      cummulative elapsed time: 579.811 s
Frequency: 5.6e+10
   Using existing mesh ...
      mesh size: 855
      mesh worst element aspect ratio: 7.24773 > target: 5
      Solving ...
         matrix size: 49257
         solving the eigenvalue problem ...
            using initial guess for the dominant eigenvalue
            number of iterations: 5
         post processing ...
         solve elapsed time: 20.9374 s
      Results:
         -------------------------------------------------------------------------------------------------------------------------
          mode     frequency           er,eff      alpha(dB/m)  beta/1000,rad/m          beta/ko        Zii(real)        Zii(imag)
         -------------------------------------------------------------------------------------------------------------------------
          1          5.6e+10        8.5819757     2.261919e-11        3.4382768        2.9295009          50.3735    3.1594029e-14
         -------------------------------------------------------------------------------------------------------------------------
      Finished
      cummulative elapsed time: 600.88 s
Frequency: 6e+10
   Using existing mesh ...
      mesh size: 855
      mesh worst element aspect ratio: 7.24773 > target: 5
      Solving ...
         matrix size: 49257
         solving the eigenvalue problem ...
            using initial guess for the dominant eigenvalue
            number of iterations: 5
         post processing ...
         solve elapsed time: 20.8494 s
      Results:
         -------------------------------------------------------------------------------------------------------------------------
          mode     frequency           er,eff      alpha(dB/m)  beta/1000,rad/m          beta/ko        Zii(real)        Zii(imag)
         -------------------------------------------------------------------------------------------------------------------------
          1            6e+10        8.6886255    4.5060109e-11        3.7066873        2.9476474        52.105577    7.1790492e-14
         -------------------------------------------------------------------------------------------------------------------------
      Finished
      cummulative elapsed time: 621.862 s
Frequency: 6.4e+10
   Using existing mesh ...
      mesh size: 855
      mesh worst element aspect ratio: 7.24773 > target: 5
      Solving ...
         matrix size: 49257
         solving the eigenvalue problem ...
            using initial guess for the dominant eigenvalue
            number of iterations: 6
         post processing ...
         solve elapsed time: 21.0054 s
      Results:
         -------------------------------------------------------------------------------------------------------------------------
          mode     frequency           er,eff      alpha(dB/m)  beta/1000,rad/m          beta/ko        Zii(real)        Zii(imag)
         -------------------------------------------------------------------------------------------------------------------------
          1          6.4e+10        8.7820681    3.5743636e-12        3.9750037        2.9634554        53.767543    1.1557101e-14
         -------------------------------------------------------------------------------------------------------------------------
      Finished
      cummulative elapsed time: 643.004 s
Frequency: 6.8e+10
   Using existing mesh ...
      mesh size: 855
      mesh worst element aspect ratio: 7.24773 > target: 5
      Solving ...
         matrix size: 49257
         solving the eigenvalue problem ...
            using initial guess for the dominant eigenvalue
            number of iterations: 6
         post processing ...
         solve elapsed time: 21.119 s
      Results:
         -------------------------------------------------------------------------------------------------------------------------
          mode     frequency           er,eff      alpha(dB/m)  beta/1000,rad/m          beta/ko        Zii(real)        Zii(imag)
         -------------------------------------------------------------------------------------------------------------------------
          1          6.8e+10        8.8643276   -5.8097597e-11        4.2431753        2.9773021        55.363278   -8.6662332e-14
         -------------------------------------------------------------------------------------------------------------------------
      Finished
      cummulative elapsed time: 664.261 s
Frequency: 7.2e+10
   Using existing mesh ...
      mesh size: 855
      mesh worst element aspect ratio: 7.24773 > target: 5
      Solving ...
         matrix size: 49257
         solving the eigenvalue problem ...
            using initial guess for the dominant eigenvalue
            number of iterations: 6
         post processing ...
         solve elapsed time: 21.0201 s
      Results:
         -------------------------------------------------------------------------------------------------------------------------
          mode     frequency           er,eff      alpha(dB/m)  beta/1000,rad/m          beta/ko        Zii(real)        Zii(imag)
         -------------------------------------------------------------------------------------------------------------------------
          1          7.2e+10        8.9370778    2.3482184e-12        4.5111725        2.9894946        56.896725    2.8613092e-14
         -------------------------------------------------------------------------------------------------------------------------
      Finished
      cummulative elapsed time: 685.413 s
Frequency: 7.6e+10
   Using existing mesh ...
      mesh size: 855
      mesh worst element aspect ratio: 7.24773 > target: 5
      Solving ...
         matrix size: 49257
         solving the eigenvalue problem ...
            using initial guess for the dominant eigenvalue
            number of iterations: 7
         post processing ...
         solve elapsed time: 21.1136 s
      Results:
         -------------------------------------------------------------------------------------------------------------------------
          mode     frequency           er,eff      alpha(dB/m)  beta/1000,rad/m          beta/ko        Zii(real)        Zii(imag)
         -------------------------------------------------------------------------------------------------------------------------
          1          7.6e+10        9.0017043     1.412423e-11        4.7789791         3.000284        58.371671    1.4591023e-15
         -------------------------------------------------------------------------------------------------------------------------
      Finished
      cummulative elapsed time: 706.659 s
Frequency: 8e+10
   Using existing mesh ...
      mesh size: 855
      mesh worst element aspect ratio: 7.24773 > target: 5
      Solving ...
         matrix size: 49257
         solving the eigenvalue problem ...
            using initial guess for the dominant eigenvalue
            number of iterations: 7
         post processing ...
         solve elapsed time: 21.0789 s
      Results:
         -------------------------------------------------------------------------------------------------------------------------
          mode     frequency           er,eff      alpha(dB/m)  beta/1000,rad/m          beta/ko        Zii(real)        Zii(imag)
         -------------------------------------------------------------------------------------------------------------------------
          1            8e+10         9.059358   -3.8671028e-11        5.0465881        3.0098767        59.791656   -6.8167801e-14
         -------------------------------------------------------------------------------------------------------------------------
      Finished
      cummulative elapsed time: 727.874 s
Frequency: 8.4e+10
   Using existing mesh ...
      mesh size: 855
      mesh worst element aspect ratio: 7.24773 > target: 5
      Solving ...
         matrix size: 49257
         solving the eigenvalue problem ...
            using initial guess for the dominant eigenvalue
            number of iterations: 8
         post processing ...
         solve elapsed time: 21.318 s
      Results:
         -------------------------------------------------------------------------------------------------------------------------
          mode     frequency           er,eff      alpha(dB/m)  beta/1000,rad/m          beta/ko        Zii(real)        Zii(imag)
         -------------------------------------------------------------------------------------------------------------------------
          1          8.4e+10        9.1109977    3.7586774e-12        5.3139984        3.0184429        61.159939    1.7328901e-14
         -------------------------------------------------------------------------------------------------------------------------
      Finished
      cummulative elapsed time: 749.331 s
Frequency: 8.8e+10
   Using existing mesh ...
      mesh size: 855
      mesh worst element aspect ratio: 7.24773 > target: 5
      Solving ...
         matrix size: 49257
         solving the eigenvalue problem ...
            using initial guess for the dominant eigenvalue
            number of iterations: 8
         post processing ...
         solve elapsed time: 21.3681 s
      Results:
         -------------------------------------------------------------------------------------------------------------------------
          mode     frequency           er,eff      alpha(dB/m)  beta/1000,rad/m          beta/ko        Zii(real)        Zii(imag)
         -------------------------------------------------------------------------------------------------------------------------
          1          8.8e+10        9.1574263   -9.8443688e-12        5.5812124         3.026124        62.479505   -1.8293259e-14
         -------------------------------------------------------------------------------------------------------------------------
      Finished
      cummulative elapsed time: 770.839 s
Frequency: 9.2e+10
   Using existing mesh ...
      mesh size: 855
      mesh worst element aspect ratio: 7.24773 > target: 5
      Solving ...
         matrix size: 49257
         solving the eigenvalue problem ...
            using initial guess for the dominant eigenvalue
            number of iterations: 8
         post processing ...
         solve elapsed time: 21.3464 s
      Results:
         -------------------------------------------------------------------------------------------------------------------------
          mode     frequency           er,eff      alpha(dB/m)  beta/1000,rad/m          beta/ko        Zii(real)        Zii(imag)
         -------------------------------------------------------------------------------------------------------------------------
          1          9.2e+10        9.1993189    1.5181683e-10        5.8482352        3.0330379        63.753076    1.8812809e-13
         -------------------------------------------------------------------------------------------------------------------------
      Finished
      cummulative elapsed time: 792.316 s
Frequency: 9.6e+10
   Using existing mesh ...
      mesh size: 855
      mesh worst element aspect ratio: 7.24773 > target: 5
      Solving ...
         matrix size: 49257
         solving the eigenvalue problem ...
            using initial guess for the dominant eigenvalue
            number of iterations: 9
         post processing ...
         solve elapsed time: 21.4893 s
      Results:
         -------------------------------------------------------------------------------------------------------------------------
          mode     frequency           er,eff      alpha(dB/m)  beta/1000,rad/m          beta/ko        Zii(real)        Zii(imag)
         -------------------------------------------------------------------------------------------------------------------------
          1          9.6e+10         9.237246     9.031631e-11        6.1150731        3.0392838        64.983143    9.9370168e-14
         -------------------------------------------------------------------------------------------------------------------------
      Finished
      cummulative elapsed time: 813.946 s
Frequency: 1e+11
   Using existing mesh ...
      mesh size: 855
      mesh worst element aspect ratio: 7.24773 > target: 5
      Solving ...
         matrix size: 49257
         solving the eigenvalue problem ...
            using initial guess for the dominant eigenvalue
            number of iterations: 9
         post processing ...
         solve elapsed time: 21.4878 s
      Results:
         -------------------------------------------------------------------------------------------------------------------------
          mode     frequency           er,eff      alpha(dB/m)  beta/1000,rad/m          beta/ko        Zii(real)        Zii(imag)
         -------------------------------------------------------------------------------------------------------------------------
          1            1e+11        9.2716917    1.7509424e-11        6.3817334        3.0449453        66.171983     1.332127e-14
         -------------------------------------------------------------------------------------------------------------------------
      Finished
      cummulative elapsed time: 835.568 s
Job Complete
Elapsed time: 835.611 s
